time="2025-07-01T19:13:32+07:00" level=info msg="Method: GET, Path: /api/tokens\n" func="server.(*Server).MapHandlers()" file="handlers.go:\x18"
time="2025-07-01T19:13:32+07:00" level=info msg="Method: POST, Path: /api/tokens/logout\n" func="server.(*Server).MapHandlers()" file="handlers.go:\x18"
time="2025-07-01T19:13:32+07:00" level=info msg="Method: POST, Path: /api/tokens/:user_id\n" func="server.(*Server).MapHandlers()" file="handlers.go:\x18"
time="2025-07-01T19:13:32+07:00" level=info msg="Method: POST, Path: /api/tokens/refresh\n" func="server.(*Server).MapHandlers()" file="handlers.go:\x18"
time="2025-07-01T19:15:37+07:00" level=info msg="Method: POST, Path: /api/tokens/:user_id\n" func="server.(*Server).MapHandlers()" file="handlers.go:\x18"
time="2025-07-01T19:15:37+07:00" level=info msg="Method: POST, Path: /api/tokens/refresh\n" func="server.(*Server).MapHandlers()" file="handlers.go:\x18"
time="2025-07-01T19:15:37+07:00" level=info msg="Method: GET, Path: /api/tokens\n" func="server.(*Server).MapHandlers()" file="handlers.go:\x18"
time="2025-07-01T19:15:37+07:00" level=info msg="Method: POST, Path: /api/tokens/logout\n" func="server.(*Server).MapHandlers()" file="handlers.go:\x18"
time="2025-07-01T19:19:35+07:00" level=info msg="Method: POST, Path: /api/tokens/:user_id\n" func="server.(*Server).MapHandlers()" file="handlers.go:\x18"
time="2025-07-01T19:19:35+07:00" level=info msg="Method: POST, Path: /api/tokens/refresh\n" func="server.(*Server).MapHandlers()" file="handlers.go:\x18"
time="2025-07-01T19:19:35+07:00" level=info msg="Method: GET, Path: /api/tokens\n" func="server.(*Server).MapHandlers()" file="handlers.go:\x18"
time="2025-07-01T19:19:35+07:00" level=info msg="Method: POST, Path: /api/tokens/logout\n" func="server.(*Server).MapHandlers()" file="handlers.go:\x18"
time="2025-07-01T19:20:52+07:00" level=info msg="Method: POST, Path: /api/tokens/:user_id\n" func="server.(*Server).MapHandlers()" file="handlers.go:\x18"
time="2025-07-01T19:20:52+07:00" level=info msg="Method: POST, Path: /api/tokens/refresh\n" func="server.(*Server).MapHandlers()" file="handlers.go:\x18"
time="2025-07-01T19:20:52+07:00" level=info msg="Method: GET, Path: /api/tokens\n" func="server.(*Server).MapHandlers()" file="handlers.go:\x18"
time="2025-07-01T19:20:52+07:00" level=info msg="Method: POST, Path: /api/tokens/logout\n" func="server.(*Server).MapHandlers()" file="handlers.go:\x18"
time="2025-07-01T19:21:41+07:00" level=info msg="Method: POST, Path: /api/tokens/logout\n" func="server.(*Server).MapHandlers()" file="handlers.go:\x18"
time="2025-07-01T19:21:41+07:00" level=info msg="Method: POST, Path: /api/tokens/:user_id\n" func="server.(*Server).MapHandlers()" file="handlers.go:\x18"
time="2025-07-01T19:21:41+07:00" level=info msg="Method: POST, Path: /api/tokens/refresh\n" func="server.(*Server).MapHandlers()" file="handlers.go:\x18"
time="2025-07-01T19:21:41+07:00" level=info msg="Method: GET, Path: /api/tokens\n" func="server.(*Server).MapHandlers()" file="handlers.go:\x18"
time="2025-07-01T19:22:44+07:00" level=info msg="Method: POST, Path: /api/tokens/:user_id\n" func="server.(*Server).MapHandlers()" file="handlers.go:\x18"
time="2025-07-01T19:22:44+07:00" level=info msg="Method: POST, Path: /api/tokens/refresh\n" func="server.(*Server).MapHandlers()" file="handlers.go:\x18"
time="2025-07-01T19:22:44+07:00" level=info msg="Method: GET, Path: /api/tokens\n" func="server.(*Server).MapHandlers()" file="handlers.go:\x18"
time="2025-07-01T19:22:44+07:00" level=info msg="Method: POST, Path: /api/tokens/logout\n" func="server.(*Server).MapHandlers()" file="handlers.go:\x18"
time="2025-07-01T19:23:55+07:00" level=info msg="Method: POST, Path: /api/tokens/:user_id\n" func="server.(*Server).MapHandlers()" file="handlers.go:\x18"
time="2025-07-01T19:23:55+07:00" level=info msg="Method: POST, Path: /api/tokens/refresh\n" func="server.(*Server).MapHandlers()" file="handlers.go:\x18"
time="2025-07-01T19:23:55+07:00" level=info msg="Method: GET, Path: /api/tokens\n" func="server.(*Server).MapHandlers()" file="handlers.go:\x18"
time="2025-07-01T19:23:55+07:00" level=info msg="Method: POST, Path: /api/tokens/logout\n" func="server.(*Server).MapHandlers()" file="handlers.go:\x18"
time="2025-07-01T19:26:18+07:00" level=info msg="Method: POST, Path: /api/tokens/logout\n" func="server.(*Server).MapHandlers()" file="handlers.go:\x18"
time="2025-07-01T19:26:18+07:00" level=info msg="Method: POST, Path: /api/tokens/:user_id\n" func="server.(*Server).MapHandlers()" file="handlers.go:\x18"
time="2025-07-01T19:26:18+07:00" level=info msg="Method: POST, Path: /api/tokens/refresh\n" func="server.(*Server).MapHandlers()" file="handlers.go:\x18"
time="2025-07-01T19:26:18+07:00" level=info msg="Method: GET, Path: /api/tokens\n" func="server.(*Server).MapHandlers()" file="handlers.go:\x18"
time="2025-07-01T19:29:16+07:00" level=info msg="Method: POST, Path: /api/tokens/:user_id\n" func="server.(*Server).MapHandlers()" file="handlers.go:\x18"
time="2025-07-01T19:29:16+07:00" level=info msg="Method: POST, Path: /api/tokens/refresh\n" func="server.(*Server).MapHandlers()" file="handlers.go:\x18"
time="2025-07-01T19:29:16+07:00" level=info msg="Method: GET, Path: /api/tokens\n" func="server.(*Server).MapHandlers()" file="handlers.go:\x18"
time="2025-07-01T19:29:16+07:00" level=info msg="Method: POST, Path: /api/tokens/logout\n" func="server.(*Server).MapHandlers()" file="handlers.go:\x18"
time="2025-07-01T19:34:28+07:00" level=info msg="Method: POST, Path: /api/tokens/:user_id\n" func="server.(*Server).MapHandlers()" file="handlers.go:\x18"
time="2025-07-01T19:34:28+07:00" level=info msg="Method: POST, Path: /api/tokens/refresh\n" func="server.(*Server).MapHandlers()" file="handlers.go:\x18"
time="2025-07-01T19:34:28+07:00" level=info msg="Method: GET, Path: /api/tokens\n" func="server.(*Server).MapHandlers()" file="handlers.go:\x18"
time="2025-07-01T19:34:28+07:00" level=info msg="Method: POST, Path: /api/tokens/logout\n" func="server.(*Server).MapHandlers()" file="handlers.go:\x18"
time="2025-07-01T19:34:32+07:00" level=info msg="Генерация Refresh токена" func="usecase.(*authUseCase).CreateTokens()" file="usecase.go:\""
time="2025-07-01T19:34:32+07:00" level=info msg="Генерация хэша Refresh токена" func="usecase.(*authUseCase).CreateTokens()" file="usecase.go:'"
time="2025-07-01T19:34:32+07:00" level=info msg="Создание Refresh токена в БД" func="usecase.(*authUseCase).CreateTokens()" file="usecase.go:7"
time="2025-07-01T19:34:32+07:00" level=info msg="Генерация Access токена" func="usecase.(*authUseCase).CreateTokens()" file="usecase.go:="
time="2025-07-01T19:34:32+07:00" level=info msg="Ошибка при генерации Access токена" func="usecase.(*authUseCase).CreateTokens()" file="usecase.go:@"
time="2025-07-01T19:36:49+07:00" level=info msg="Method: POST, Path: /api/tokens/:user_id\n" func="server.(*Server).MapHandlers()" file="handlers.go:\x18"
time="2025-07-01T19:36:49+07:00" level=info msg="Method: POST, Path: /api/tokens/refresh\n" func="server.(*Server).MapHandlers()" file="handlers.go:\x18"
time="2025-07-01T19:36:49+07:00" level=info msg="Method: GET, Path: /api/tokens\n" func="server.(*Server).MapHandlers()" file="handlers.go:\x18"
time="2025-07-01T19:36:49+07:00" level=info msg="Method: POST, Path: /api/tokens/logout\n" func="server.(*Server).MapHandlers()" file="handlers.go:\x18"
time="2025-07-01T19:37:04+07:00" level=info msg="Генерация Refresh токена" func="usecase.(*authUseCase).CreateTokens()" file="usecase.go:\""
time="2025-07-01T19:37:04+07:00" level=info msg="Генерация хэша Refresh токена" func="usecase.(*authUseCase).CreateTokens()" file="usecase.go:'"
time="2025-07-01T19:37:04+07:00" level=info msg="Создание Refresh токена в БД" func="usecase.(*authUseCase).CreateTokens()" file="usecase.go:7"
time="2025-07-01T19:37:04+07:00" level=info msg="Генерация Access токена" func="usecase.(*authUseCase).CreateTokens()" file="usecase.go:="
time="2025-07-01T19:43:03+07:00" level=info msg="Генерация Refresh токена" func="usecase.(*authUseCase).CreateTokens()" file="usecase.go:\""
time="2025-07-01T19:43:03+07:00" level=info msg="Генерация хэша Refresh токена" func="usecase.(*authUseCase).CreateTokens()" file="usecase.go:'"
time="2025-07-01T19:43:04+07:00" level=info msg="Создание Refresh токена в БД" func="usecase.(*authUseCase).CreateTokens()" file="usecase.go:7"
time="2025-07-01T19:43:04+07:00" level=info msg="Генерация Access токена" func="usecase.(*authUseCase).CreateTokens()" file="usecase.go:="
time="2025-07-01T19:45:22+07:00" level=info msg="Method: POST, Path: /api/tokens/logout\n" func="server.(*Server).MapHandlers()" file="handlers.go:\x18"
time="2025-07-01T19:45:22+07:00" level=info msg="Method: POST, Path: /api/tokens/:user_id\n" func="server.(*Server).MapHandlers()" file="handlers.go:\x18"
time="2025-07-01T19:45:22+07:00" level=info msg="Method: POST, Path: /api/tokens/refresh\n" func="server.(*Server).MapHandlers()" file="handlers.go:\x18"
time="2025-07-01T19:45:22+07:00" level=info msg="Method: GET, Path: /api/tokens\n" func="server.(*Server).MapHandlers()" file="handlers.go:\x18"
time="2025-07-01T19:45:28+07:00" level=info msg="Получение UserID из токена" func="usecase.(*authUseCase).GetUserID()" file="usecase.go:\\"
time="2025-07-01T19:48:05+07:00" level=info msg="Method: POST, Path: /api/tokens/:user_id\n" func="server.(*Server).MapHandlers()" file="handlers.go:\x18"
time="2025-07-01T19:48:05+07:00" level=info msg="Method: POST, Path: /api/tokens/refresh\n" func="server.(*Server).MapHandlers()" file="handlers.go:\x18"
time="2025-07-01T19:48:05+07:00" level=info msg="Method: GET, Path: /api/tokens\n" func="server.(*Server).MapHandlers()" file="handlers.go:\x18"
time="2025-07-01T19:48:05+07:00" level=info msg="Method: POST, Path: /api/tokens/logout\n" func="server.(*Server).MapHandlers()" file="handlers.go:\x18"
time="2025-07-01T19:48:10+07:00" level=info msg="Получение UserID из токена" func="usecase.(*authUseCase).GetUserID()" file="usecase.go:\\"
time="2025-07-01T19:48:44+07:00" level=info msg="Method: POST, Path: /api/tokens/:user_id\n" func="server.(*Server).MapHandlers()" file="handlers.go:\x18"
time="2025-07-01T19:48:44+07:00" level=info msg="Method: POST, Path: /api/tokens/refresh\n" func="server.(*Server).MapHandlers()" file="handlers.go:\x18"
time="2025-07-01T19:48:44+07:00" level=info msg="Method: GET, Path: /api/tokens\n" func="server.(*Server).MapHandlers()" file="handlers.go:\x18"
time="2025-07-01T19:48:44+07:00" level=info msg="Method: POST, Path: /api/tokens/logout\n" func="server.(*Server).MapHandlers()" file="handlers.go:\x18"
time="2025-07-01T19:48:48+07:00" level=info msg="Получение UserID из токена" func="usecase.(*authUseCase).GetUserID()" file="usecase.go:\\"
time="2025-07-01T19:53:04+07:00" level=info msg="Method: POST, Path: /api/tokens/:user_id\n" func="server.(*Server).MapHandlers()" file="handlers.go:\x18"
time="2025-07-01T19:53:04+07:00" level=info msg="Method: POST, Path: /api/tokens/refresh\n" func="server.(*Server).MapHandlers()" file="handlers.go:\x18"
time="2025-07-01T19:53:04+07:00" level=info msg="Method: GET, Path: /api/tokens\n" func="server.(*Server).MapHandlers()" file="handlers.go:\x18"
time="2025-07-01T19:53:04+07:00" level=info msg="Method: POST, Path: /api/tokens/logout\n" func="server.(*Server).MapHandlers()" file="handlers.go:\x18"
time="2025-07-01T19:53:11+07:00" level=info msg="Получение UserID из токена" func="usecase.(*authUseCase).GetUserID()" file="usecase.go:\\"
time="2025-07-01T19:53:27+07:00" level=info msg="Получение UserID из токена" func="usecase.(*authUseCase).GetUserID()" file="usecase.go:\\"
time="2025-07-01T19:56:35+07:00" level=info msg="Method: GET, Path: /api/tokens\n" func="server.(*Server).MapHandlers()" file="handlers.go:\x18"
time="2025-07-01T19:56:35+07:00" level=info msg="Method: POST, Path: /api/tokens/logout\n" func="server.(*Server).MapHandlers()" file="handlers.go:\x18"
time="2025-07-01T19:56:35+07:00" level=info msg="Method: POST, Path: /api/tokens/:user_id\n" func="server.(*Server).MapHandlers()" file="handlers.go:\x18"
time="2025-07-01T19:56:35+07:00" level=info msg="Method: POST, Path: /api/tokens/refresh\n" func="server.(*Server).MapHandlers()" file="handlers.go:\x18"
time="2025-07-01T19:56:40+07:00" level=info msg="Получение UserID из токена" func="usecase.(*authUseCase).GetUserID()" file="usecase.go:\\"
time="2025-07-01T19:56:40+07:00" level=info msg="Проверка существует ли Refresh Токен с этим userID" func="usecase.(*authUseCase).GetUserID()" file="usecase.go:b"
time="2025-07-01T19:57:45+07:00" level=info msg="Генерация Refresh токена" func="usecase.(*authUseCase).CreateTokens()" file="usecase.go:\""
time="2025-07-01T19:57:45+07:00" level=info msg="Генерация хэша Refresh токена" func="usecase.(*authUseCase).CreateTokens()" file="usecase.go:'"
time="2025-07-01T19:57:45+07:00" level=info msg="Создание Refresh токена в БД" func="usecase.(*authUseCase).CreateTokens()" file="usecase.go:7"
time="2025-07-01T19:57:45+07:00" level=info msg="Генерация Access токена" func="usecase.(*authUseCase).CreateTokens()" file="usecase.go:="
time="2025-07-01T20:00:28+07:00" level=info msg="Method: POST, Path: /api/tokens/:user_id\n" func="server.(*Server).MapHandlers()" file="handlers.go:\x18"
time="2025-07-01T20:00:28+07:00" level=info msg="Method: POST, Path: /api/tokens/refresh\n" func="server.(*Server).MapHandlers()" file="handlers.go:\x18"
time="2025-07-01T20:00:28+07:00" level=info msg="Method: GET, Path: /api/tokens\n" func="server.(*Server).MapHandlers()" file="handlers.go:\x18"
time="2025-07-01T20:00:28+07:00" level=info msg="Method: POST, Path: /api/tokens/logout\n" func="server.(*Server).MapHandlers()" file="handlers.go:\x18"
time="2025-07-01T20:00:52+07:00" level=info msg="Получение Рефреш токена по Хэшу" func="usecase.(*authUseCase).RefreshToken()" file="usecase.go:m"
time="2025-07-01T20:04:12+07:00" level=info msg="Method: GET, Path: /api/tokens\n" func="server.(*Server).MapHandlers()" file="handlers.go:\x18"
time="2025-07-01T20:04:12+07:00" level=info msg="Method: POST, Path: /api/tokens/logout\n" func="server.(*Server).MapHandlers()" file="handlers.go:\x18"
time="2025-07-01T20:04:12+07:00" level=info msg="Method: POST, Path: /api/tokens/:user_id\n" func="server.(*Server).MapHandlers()" file="handlers.go:\x18"
time="2025-07-01T20:04:12+07:00" level=info msg="Method: POST, Path: /api/tokens/refresh\n" func="server.(*Server).MapHandlers()" file="handlers.go:\x18"
time="2025-07-01T20:04:17+07:00" level=info msg="Получение Рефреш токена по Хэшу" func="usecase.(*authUseCase).RefreshToken()" file="usecase.go:m"
time="2025-07-01T20:10:26+07:00" level=info msg="Method: POST, Path: /api/tokens/:user_id\n" func="server.(*Server).MapHandlers()" file="handlers.go:\x18"
time="2025-07-01T20:10:26+07:00" level=info msg="Method: POST, Path: /api/tokens/refresh\n" func="server.(*Server).MapHandlers()" file="handlers.go:\x18"
time="2025-07-01T20:10:26+07:00" level=info msg="Method: GET, Path: /api/tokens\n" func="server.(*Server).MapHandlers()" file="handlers.go:\x18"
time="2025-07-01T20:10:26+07:00" level=info msg="Method: POST, Path: /api/tokens/logout\n" func="server.(*Server).MapHandlers()" file="handlers.go:\x18"
time="2025-07-01T20:10:36+07:00" level=info msg="Получение Рефреш токена по Хэшу" func="usecase.(*authUseCase).RefreshToken()" file="usecase.go:m"
time="2025-07-01T20:13:30+07:00" level=info msg="Method: POST, Path: /api/tokens/:user_id\n" func="server.(*Server).MapHandlers()" file="handlers.go:\x18"
time="2025-07-01T20:13:30+07:00" level=info msg="Method: POST, Path: /api/tokens/refresh\n" func="server.(*Server).MapHandlers()" file="handlers.go:\x18"
time="2025-07-01T20:13:30+07:00" level=info msg="Method: GET, Path: /api/tokens\n" func="server.(*Server).MapHandlers()" file="handlers.go:\x18"
time="2025-07-01T20:13:30+07:00" level=info msg="Method: POST, Path: /api/tokens/logout\n" func="server.(*Server).MapHandlers()" file="handlers.go:\x18"
time="2025-07-01T20:13:35+07:00" level=info msg="Получение Рефреш токена по Хэшу" func="usecase.(*authUseCase).RefreshToken()" file="usecase.go:m"
time="2025-07-01T20:13:46+07:00" level=info msg="Получение Рефреш токена по Хэшу" func="usecase.(*authUseCase).RefreshToken()" file="usecase.go:m"
time="2025-07-01T20:15:18+07:00" level=info msg="Method: POST, Path: /api/tokens/refresh\n" func="server.(*Server).MapHandlers()" file="handlers.go:\x18"
time="2025-07-01T20:15:18+07:00" level=info msg="Method: GET, Path: /api/tokens\n" func="server.(*Server).MapHandlers()" file="handlers.go:\x18"
time="2025-07-01T20:15:18+07:00" level=info msg="Method: POST, Path: /api/tokens/logout\n" func="server.(*Server).MapHandlers()" file="handlers.go:\x18"
time="2025-07-01T20:15:18+07:00" level=info msg="Method: POST, Path: /api/tokens/:user_id\n" func="server.(*Server).MapHandlers()" file="handlers.go:\x18"
time="2025-07-01T20:15:35+07:00" level=info msg="Получение Рефреш токена по Хэшу" func="usecase.(*authUseCase).RefreshToken()" file="usecase.go:m"
time="2025-07-01T20:15:35+07:00" level=info msg="[155 88 98 239 87 187 251 225 43 87 60 208 164 236 139 85]" func="usecase.(*authUseCase).RefreshToken()" file="usecase.go:r"
time="2025-07-01T20:15:35+07:00" level=info msg="m1hi71e7--ErVzzQpOyLVQ==" func="usecase.(*authUseCase).RefreshToken()" file="usecase.go:w"
time="2025-07-01T20:16:16+07:00" level=info msg="Получение Рефреш токена по Хэшу" func="usecase.(*authUseCase).RefreshToken()" file="usecase.go:m"
time="2025-07-01T20:16:16+07:00" level=info msg="[155 88 98 239 87 187 251 225 43 87 60 208 164 236 139 85]" func="usecase.(*authUseCase).RefreshToken()" file="usecase.go:r"
time="2025-07-01T20:16:16+07:00" level=info msg="m1hi71e7--ErVzzQpOyLVQ==" func="usecase.(*authUseCase).RefreshToken()" file="usecase.go:w"
time="2025-07-01T20:45:24+07:00" level=info msg="Method: POST, Path: /api/tokens/:user_id\n" func="server.(*Server).MapHandlers()" file="handlers.go:\x18"
time="2025-07-01T20:45:24+07:00" level=info msg="Method: POST, Path: /api/tokens/refresh\n" func="server.(*Server).MapHandlers()" file="handlers.go:\x18"
time="2025-07-01T20:45:24+07:00" level=info msg="Method: GET, Path: /api/tokens\n" func="server.(*Server).MapHandlers()" file="handlers.go:\x18"
time="2025-07-01T20:45:24+07:00" level=info msg="Method: POST, Path: /api/tokens/logout\n" func="server.(*Server).MapHandlers()" file="handlers.go:\x18"
time="2025-07-01T20:45:57+07:00" level=info msg="Генерация Refresh токена" func="usecase.(*authUseCase).CreateTokens()" file="usecase.go:\""
time="2025-07-01T20:45:57+07:00" level=info msg="Генерация хэша Refresh токена" func="usecase.(*authUseCase).CreateTokens()" file="usecase.go:'"
time="2025-07-01T20:45:57+07:00" level=info msg="Создание Refresh токена в БД" func="usecase.(*authUseCase).CreateTokens()" file="usecase.go:7"
time="2025-07-01T20:45:57+07:00" level=info msg="Генерация Access токена" func="usecase.(*authUseCase).CreateTokens()" file="usecase.go:="
time="2025-07-01T20:46:43+07:00" level=info msg="Получение Рефреш токена по Хэшу" func="usecase.(*authUseCase).RefreshToken()" file="usecase.go:m"
time="2025-07-01T20:46:43+07:00" level=info msg="Получение UserID из токена" func="usecase.(*authUseCase).RefreshToken()" file="usecase.go:s"
time="2025-07-01T20:46:43+07:00" level=info msg="Получение UserID из Access токена" func="usecase.(*authUseCase).RefreshToken()" file="usecase.go:y"
time="2025-07-01T20:46:43+07:00" level=info msg="Сравнение user id у токенов" func="usecase.(*authUseCase).RefreshToken()" file="usecase.go:\x7f"
time="2025-07-01T20:46:43+07:00" level=info msg="Удаление старого рефреш токена из БД" func="usecase.(*authUseCase).RefreshToken()" file="usecase.go:\u0084"
time="2025-07-01T20:46:43+07:00" level=info msg="Проверка на совпадения браузера" func="usecase.(*authUseCase).RefreshToken()" file="usecase.go:\u0089"
time="2025-07-01T20:46:43+07:00" level=info msg="Запуск создания новой пары" func="usecase.(*authUseCase).RefreshToken()" file="usecase.go:\u008e"
time="2025-07-01T20:46:43+07:00" level=info msg="Генерация Refresh токена" func="usecase.(*authUseCase).CreateTokens()" file="usecase.go:\""
time="2025-07-01T20:46:43+07:00" level=info msg="Генерация хэша Refresh токена" func="usecase.(*authUseCase).CreateTokens()" file="usecase.go:'"
time="2025-07-01T20:46:43+07:00" level=info msg="Создание Refresh токена в БД" func="usecase.(*authUseCase).CreateTokens()" file="usecase.go:7"
time="2025-07-01T20:46:43+07:00" level=info msg="Генерация Access токена" func="usecase.(*authUseCase).CreateTokens()" file="usecase.go:="
time="2025-07-01T20:46:52+07:00" level=info msg="Получение Рефреш токена по Хэшу" func="usecase.(*authUseCase).RefreshToken()" file="usecase.go:m"
time="2025-07-01T20:46:52+07:00" level=info msg="Получение UserID из токена" func="usecase.(*authUseCase).RefreshToken()" file="usecase.go:s"
time="2025-07-01T20:46:52+07:00" level=info msg="Получение UserID из Access токена" func="usecase.(*authUseCase).RefreshToken()" file="usecase.go:y"
time="2025-07-01T20:46:52+07:00" level=info msg="Сравнение user id у токенов" func="usecase.(*authUseCase).RefreshToken()" file="usecase.go:\x7f"
time="2025-07-01T20:48:03+07:00" level=info msg="Генерация Refresh токена" func="usecase.(*authUseCase).CreateTokens()" file="usecase.go:\""
time="2025-07-01T20:48:03+07:00" level=info msg="Генерация хэша Refresh токена" func="usecase.(*authUseCase).CreateTokens()" file="usecase.go:'"
time="2025-07-01T20:48:03+07:00" level=info msg="Создание Refresh токена в БД" func="usecase.(*authUseCase).CreateTokens()" file="usecase.go:7"
time="2025-07-01T20:48:03+07:00" level=info msg="Генерация Access токена" func="usecase.(*authUseCase).CreateTokens()" file="usecase.go:="
time="2025-07-01T20:48:38+07:00" level=info msg="Получение UserID из токена" func="usecase.(*authUseCase).GetUserID()" file="usecase.go:\\"
time="2025-07-01T20:48:38+07:00" level=info msg="Проверка существует ли Refresh Токен с этим userID" func="usecase.(*authUseCase).GetUserID()" file="usecase.go:b"
time="2025-07-01T20:49:21+07:00" level=info msg="Получение Рефреш токена по Хэшу" func="usecase.(*authUseCase).RefreshToken()" file="usecase.go:m"
time="2025-07-01T20:49:42+07:00" level=info msg="Получение Рефреш токена по Хэшу" func="usecase.(*authUseCase).RefreshToken()" file="usecase.go:m"
time="2025-07-01T20:49:42+07:00" level=info msg="Получение UserID из токена" func="usecase.(*authUseCase).RefreshToken()" file="usecase.go:s"
time="2025-07-01T20:49:46+07:00" level=info msg="Получение Рефреш токена по Хэшу" func="usecase.(*authUseCase).RefreshToken()" file="usecase.go:m"
time="2025-07-01T20:49:46+07:00" level=info msg="Получение UserID из токена" func="usecase.(*authUseCase).RefreshToken()" file="usecase.go:s"
time="2025-07-01T20:49:46+07:00" level=info msg="Получение UserID из Access токена" func="usecase.(*authUseCase).RefreshToken()" file="usecase.go:y"
time="2025-07-01T20:49:46+07:00" level=info msg="Сравнение user id у токенов" func="usecase.(*authUseCase).RefreshToken()" file="usecase.go:\x7f"
time="2025-07-01T20:49:46+07:00" level=info msg="Удаление старого рефреш токена из БД" func="usecase.(*authUseCase).RefreshToken()" file="usecase.go:\u0084"
time="2025-07-01T20:49:46+07:00" level=info msg="Проверка на совпадения браузера" func="usecase.(*authUseCase).RefreshToken()" file="usecase.go:\u0089"
time="2025-07-01T20:49:46+07:00" level=info msg="Запуск создания новой пары" func="usecase.(*authUseCase).RefreshToken()" file="usecase.go:\u008e"
time="2025-07-01T20:49:46+07:00" level=info msg="Генерация Refresh токена" func="usecase.(*authUseCase).CreateTokens()" file="usecase.go:\""
time="2025-07-01T20:49:46+07:00" level=info msg="Генерация хэша Refresh токена" func="usecase.(*authUseCase).CreateTokens()" file="usecase.go:'"
time="2025-07-01T20:49:46+07:00" level=info msg="Создание Refresh токена в БД" func="usecase.(*authUseCase).CreateTokens()" file="usecase.go:7"
time="2025-07-01T20:49:46+07:00" level=info msg="Генерация Access токена" func="usecase.(*authUseCase).CreateTokens()" file="usecase.go:="
time="2025-07-01T20:52:52+07:00" level=info msg="Method: POST, Path: /api/tokens/:user_id\n" func="server.(*Server).MapHandlers()" file="handlers.go:\x18"
time="2025-07-01T20:52:52+07:00" level=info msg="Method: POST, Path: /api/tokens/refresh\n" func="server.(*Server).MapHandlers()" file="handlers.go:\x18"
time="2025-07-01T20:52:52+07:00" level=info msg="Method: GET, Path: /api/tokens\n" func="server.(*Server).MapHandlers()" file="handlers.go:\x18"
time="2025-07-01T20:52:52+07:00" level=info msg="Method: POST, Path: /api/tokens/logout\n" func="server.(*Server).MapHandlers()" file="handlers.go:\x18"
time="2025-07-01T20:52:56+07:00" level=info msg="Получения пользователя по аксесс токену" func="usecase.(*authUseCase).DeleteRefreshToken()" file="usecase.go:N"
time="2025-07-01T20:53:28+07:00" level=info msg="Получение UserID из токена" func="usecase.(*authUseCase).GetUserID()" file="usecase.go:^"
time="2025-07-01T20:53:33+07:00" level=info msg="Получение UserID из токена" func="usecase.(*authUseCase).GetUserID()" file="usecase.go:^"
time="2025-07-01T20:54:04+07:00" level=info msg="Method: POST, Path: /api/tokens/:user_id\n" func="server.(*Server).MapHandlers()" file="handlers.go:\x18"
time="2025-07-01T20:54:04+07:00" level=info msg="Method: POST, Path: /api/tokens/refresh\n" func="server.(*Server).MapHandlers()" file="handlers.go:\x18"
time="2025-07-01T20:54:04+07:00" level=info msg="Method: GET, Path: /api/tokens\n" func="server.(*Server).MapHandlers()" file="handlers.go:\x18"
time="2025-07-01T20:54:04+07:00" level=info msg="Method: POST, Path: /api/tokens/logout\n" func="server.(*Server).MapHandlers()" file="handlers.go:\x18"
time="2025-07-01T20:54:32+07:00" level=info msg="Генерация Refresh токена" func="usecase.(*authUseCase).CreateTokens()" file="usecase.go:\""
time="2025-07-01T20:54:32+07:00" level=info msg="Генерация хэша Refresh токена" func="usecase.(*authUseCase).CreateTokens()" file="usecase.go:'"
time="2025-07-01T20:54:32+07:00" level=info msg="Создание Refresh токена в БД" func="usecase.(*authUseCase).CreateTokens()" file="usecase.go:7"
time="2025-07-01T20:54:32+07:00" level=info msg="Генерация Access токена" func="usecase.(*authUseCase).CreateTokens()" file="usecase.go:="
time="2025-07-01T20:54:49+07:00" level=info msg="Получение UserID из токена" func="usecase.(*authUseCase).GetUserID()" file="usecase.go:^"
time="2025-07-01T20:54:49+07:00" level=info msg="Проверка существует ли Refresh Токен с этим userID" func="usecase.(*authUseCase).GetUserID()" file="usecase.go:d"
time="2025-07-01T20:54:51+07:00" level=info msg="Получение UserID из токена" func="usecase.(*authUseCase).GetUserID()" file="usecase.go:^"
time="2025-07-01T20:54:51+07:00" level=info msg="Проверка существует ли Refresh Токен с этим userID" func="usecase.(*authUseCase).GetUserID()" file="usecase.go:d"
time="2025-07-01T20:55:02+07:00" level=info msg="Получения пользователя по аксесс токену" func="usecase.(*authUseCase).DeleteRefreshToken()" file="usecase.go:N"
time="2025-07-01T20:55:02+07:00" level=info msg="Удаление Рефреш токена по UserID" func="usecase.(*authUseCase).DeleteRefreshToken()" file="usecase.go:T"
time="2025-07-01T20:55:11+07:00" level=info msg="Получение UserID из токена" func="usecase.(*authUseCase).GetUserID()" file="usecase.go:^"
time="2025-07-01T20:55:11+07:00" level=info msg="Проверка существует ли Refresh Токен с этим userID" func="usecase.(*authUseCase).GetUserID()" file="usecase.go:d"
time="2025-07-01T20:55:19+07:00" level=info msg="Получение UserID из токена" func="usecase.(*authUseCase).GetUserID()" file="usecase.go:^"
time="2025-07-01T20:55:19+07:00" level=info msg="Проверка существует ли Refresh Токен с этим userID" func="usecase.(*authUseCase).GetUserID()" file="usecase.go:d"
time="2025-07-01T20:55:38+07:00" level=info msg="Генерация Refresh токена" func="usecase.(*authUseCase).CreateTokens()" file="usecase.go:\""
time="2025-07-01T20:55:38+07:00" level=info msg="Генерация хэша Refresh токена" func="usecase.(*authUseCase).CreateTokens()" file="usecase.go:'"
time="2025-07-01T20:55:38+07:00" level=info msg="Создание Refresh токена в БД" func="usecase.(*authUseCase).CreateTokens()" file="usecase.go:7"
time="2025-07-01T20:55:38+07:00" level=info msg="Генерация Access токена" func="usecase.(*authUseCase).CreateTokens()" file="usecase.go:="
time="2025-07-01T20:55:55+07:00" level=info msg="Получение UserID из токена" func="usecase.(*authUseCase).GetUserID()" file="usecase.go:^"
time="2025-07-01T20:55:55+07:00" level=info msg="Проверка существует ли Refresh Токен с этим userID" func="usecase.(*authUseCase).GetUserID()" file="usecase.go:d"
time="2025-07-01T20:55:58+07:00" level=info msg="Получение UserID из токена" func="usecase.(*authUseCase).GetUserID()" file="usecase.go:^"
time="2025-07-01T20:55:58+07:00" level=info msg="Проверка существует ли Refresh Токен с этим userID" func="usecase.(*authUseCase).GetUserID()" file="usecase.go:d"
time="2025-07-01T20:56:13+07:00" level=info msg="Получение Рефреш токена по Хэшу" func="usecase.(*authUseCase).RefreshToken()" file="usecase.go:o"
time="2025-07-01T20:56:13+07:00" level=info msg="Получение UserID из токена" func="usecase.(*authUseCase).RefreshToken()" file="usecase.go:u"
time="2025-07-01T20:56:13+07:00" level=info msg="Получение UserID из Access токена" func="usecase.(*authUseCase).RefreshToken()" file="usecase.go:{"
time="2025-07-01T20:56:13+07:00" level=info msg="Сравнение user id у токенов" func="usecase.(*authUseCase).RefreshToken()" file="usecase.go:\u0081"
time="2025-07-01T20:56:43+07:00" level=info msg="Генерация Refresh токена" func="usecase.(*authUseCase).CreateTokens()" file="usecase.go:\""
time="2025-07-01T20:56:43+07:00" level=info msg="Генерация хэша Refresh токена" func="usecase.(*authUseCase).CreateTokens()" file="usecase.go:'"
time="2025-07-01T20:56:43+07:00" level=info msg="Создание Refresh токена в БД" func="usecase.(*authUseCase).CreateTokens()" file="usecase.go:7"
time="2025-07-01T20:56:43+07:00" level=info msg="Генерация Access токена" func="usecase.(*authUseCase).CreateTokens()" file="usecase.go:="
time="2025-07-01T20:57:10+07:00" level=info msg="Получение UserID из токена" func="usecase.(*authUseCase).GetUserID()" file="usecase.go:^"
time="2025-07-01T20:57:10+07:00" level=info msg="Проверка существует ли Refresh Токен с этим userID" func="usecase.(*authUseCase).GetUserID()" file="usecase.go:d"
time="2025-07-01T20:57:21+07:00" level=info msg="Получение Рефреш токена по Хэшу" func="usecase.(*authUseCase).RefreshToken()" file="usecase.go:o"
time="2025-07-01T20:57:21+07:00" level=info msg="Получение UserID из токена" func="usecase.(*authUseCase).RefreshToken()" file="usecase.go:u"
time="2025-07-01T20:57:21+07:00" level=info msg="Получение UserID из Access токена" func="usecase.(*authUseCase).RefreshToken()" file="usecase.go:{"
time="2025-07-01T20:57:21+07:00" level=info msg="Сравнение user id у токенов" func="usecase.(*authUseCase).RefreshToken()" file="usecase.go:\u0081"
time="2025-07-01T20:57:21+07:00" level=info msg="Удаление старого рефреш токена из БД" func="usecase.(*authUseCase).RefreshToken()" file="usecase.go:\u0086"
time="2025-07-01T20:57:21+07:00" level=info msg="Проверка на совпадения браузера" func="usecase.(*authUseCase).RefreshToken()" file="usecase.go:\u008b"
time="2025-07-01T20:57:21+07:00" level=info msg="Запуск создания новой пары" func="usecase.(*authUseCase).RefreshToken()" file="usecase.go:\u0090"
time="2025-07-01T20:57:21+07:00" level=info msg="Генерация Refresh токена" func="usecase.(*authUseCase).CreateTokens()" file="usecase.go:\""
time="2025-07-01T20:57:21+07:00" level=info msg="Генерация хэша Refresh токена" func="usecase.(*authUseCase).CreateTokens()" file="usecase.go:'"
time="2025-07-01T20:57:21+07:00" level=info msg="Создание Refresh токена в БД" func="usecase.(*authUseCase).CreateTokens()" file="usecase.go:7"
time="2025-07-01T20:57:21+07:00" level=info msg="Генерация Access токена" func="usecase.(*authUseCase).CreateTokens()" file="usecase.go:="
time="2025-07-01T20:58:01+07:00" level=info msg="Получения пользователя по аксесс токену" func="usecase.(*authUseCase).DeleteRefreshToken()" file="usecase.go:N"
time="2025-07-01T20:58:01+07:00" level=info msg="Удаление Рефреш токена по UserID" func="usecase.(*authUseCase).DeleteRefreshToken()" file="usecase.go:T"
time="2025-07-02T11:26:43+07:00" level=info msg="Method: POST, Path: /api/tokens/:user_id\n" func="server.(*Server).MapHandlers()" file="handlers.go:\x18"
time="2025-07-02T11:26:43+07:00" level=info msg="Method: POST, Path: /api/tokens/refresh\n" func="server.(*Server).MapHandlers()" file="handlers.go:\x18"
time="2025-07-02T11:26:43+07:00" level=info msg="Method: GET, Path: /api/tokens\n" func="server.(*Server).MapHandlers()" file="handlers.go:\x18"
time="2025-07-02T11:26:43+07:00" level=info msg="Method: POST, Path: /api/tokens/logout\n" func="server.(*Server).MapHandlers()" file="handlers.go:\x18"
time="2025-07-02T17:25:03+07:00" level=info msg="Method: POST, Path: /api/tokens/:user_id\n" func="server.(*Server).MapHandlers()" file="handlers.go:\x1b"
time="2025-07-02T17:25:03+07:00" level=info msg="Method: POST, Path: /api/tokens/refresh\n" func="server.(*Server).MapHandlers()" file="handlers.go:\x1b"
time="2025-07-02T17:25:03+07:00" level=info msg="Method: GET, Path: /api/tokens\n" func="server.(*Server).MapHandlers()" file="handlers.go:\x1b"
time="2025-07-02T17:25:03+07:00" level=info msg="Method: POST, Path: /api/tokens/logout\n" func="server.(*Server).MapHandlers()" file="handlers.go:\x1b"
time="2025-07-02T17:26:08+07:00" level=info msg="Генерация Refresh токена" func="usecase.(*authUseCase).CreateTokens()" file="usecase.go:)"
time="2025-07-02T17:26:08+07:00" level=info msg="Генерация хэша Refresh токена" func="usecase.(*authUseCase).CreateTokens()" file="usecase.go:."
time="2025-07-02T17:26:08+07:00" level=info msg="Создание Refresh токена в БД" func="usecase.(*authUseCase).CreateTokens()" file="usecase.go:>"
time="2025-07-02T17:26:08+07:00" level=info msg="Генерация Access токена" func="usecase.(*authUseCase).CreateTokens()" file="usecase.go:D"
time="2025-07-02T17:26:25+07:00" level=info msg="Ошибка парсинга" func="middleware.(*MiddlewareManager).validateJWTToken()" file="jwt.go:1"
time="2025-07-02T17:26:25+07:00" level=info msg="Access токен не валиден" func="middleware.(*MiddlewareManager).AuthJWTMiddleware-fm.(*MiddlewareManager).AuthJWTMiddleware.func1()" file="jwt.go:\x1e"
time="2025-07-02T17:28:32+07:00" level=info msg="Method: POST, Path: /api/tokens/:user_id\n" func="server.(*Server).MapHandlers()" file="handlers.go:\x1b"
time="2025-07-02T17:28:32+07:00" level=info msg="Method: POST, Path: /api/tokens/refresh\n" func="server.(*Server).MapHandlers()" file="handlers.go:\x1b"
time="2025-07-02T17:28:32+07:00" level=info msg="Method: GET, Path: /api/tokens\n" func="server.(*Server).MapHandlers()" file="handlers.go:\x1b"
time="2025-07-02T17:28:32+07:00" level=info msg="Method: POST, Path: /api/tokens/logout\n" func="server.(*Server).MapHandlers()" file="handlers.go:\x1b"
time="2025-07-02T17:29:42+07:00" level=info msg="Method: POST, Path: /api/tokens/logout\n" func="server.(*Server).MapHandlers()" file="handlers.go:\x1b"
time="2025-07-02T17:29:42+07:00" level=info msg="Method: POST, Path: /api/tokens/:user_id\n" func="server.(*Server).MapHandlers()" file="handlers.go:\x1b"
time="2025-07-02T17:29:42+07:00" level=info msg="Method: POST, Path: /api/tokens/refresh\n" func="server.(*Server).MapHandlers()" file="handlers.go:\x1b"
time="2025-07-02T17:29:42+07:00" level=info msg="Method: GET, Path: /api/tokens\n" func="server.(*Server).MapHandlers()" file="handlers.go:\x1b"
time="2025-07-02T17:33:33+07:00" level=info msg="Method: POST, Path: /api/tokens/:user_id\n" func="server.(*Server).MapHandlers()" file="handlers.go:\x1b"
time="2025-07-02T17:33:33+07:00" level=info msg="Method: POST, Path: /api/tokens/refresh\n" func="server.(*Server).MapHandlers()" file="handlers.go:\x1b"
time="2025-07-02T17:33:33+07:00" level=info msg="Method: GET, Path: /api/tokens\n" func="server.(*Server).MapHandlers()" file="handlers.go:\x1b"
time="2025-07-02T17:33:33+07:00" level=info msg="Method: POST, Path: /api/tokens/logout\n" func="server.(*Server).MapHandlers()" file="handlers.go:\x1b"
time="2025-07-02T17:35:03+07:00" level=info msg="Method: POST, Path: /api/tokens/refresh\n" func="server.(*Server).MapHandlers()" file="handlers.go:\x1b"
time="2025-07-02T17:35:03+07:00" level=info msg="Method: GET, Path: /api/tokens\n" func="server.(*Server).MapHandlers()" file="handlers.go:\x1b"
time="2025-07-02T17:35:03+07:00" level=info msg="Method: POST, Path: /api/tokens/logout\n" func="server.(*Server).MapHandlers()" file="handlers.go:\x1b"
time="2025-07-02T17:35:03+07:00" level=info msg="Method: POST, Path: /api/tokens/:user_id\n" func="server.(*Server).MapHandlers()" file="handlers.go:\x1b"
time="2025-07-02T17:36:45+07:00" level=info msg="Method: POST, Path: /api/tokens/:user_id\n" func="server.(*Server).MapHandlers()" file="handlers.go:\x1b"
time="2025-07-02T17:36:45+07:00" level=info msg="Method: POST, Path: /api/tokens/refresh\n" func="server.(*Server).MapHandlers()" file="handlers.go:\x1b"
time="2025-07-02T17:36:45+07:00" level=info msg="Method: GET, Path: /api/tokens\n" func="server.(*Server).MapHandlers()" file="handlers.go:\x1b"
time="2025-07-02T17:36:45+07:00" level=info msg="Method: POST, Path: /api/tokens/logout\n" func="server.(*Server).MapHandlers()" file="handlers.go:\x1b"
time="2025-07-02T17:39:41+07:00" level=info msg="Method: POST, Path: /api/tokens/logout\n" func="server.(*Server).MapHandlers()" file="handlers.go:\x1b"
time="2025-07-02T17:39:41+07:00" level=info msg="Method: POST, Path: /api/tokens/:user_id\n" func="server.(*Server).MapHandlers()" file="handlers.go:\x1b"
time="2025-07-02T17:39:41+07:00" level=info msg="Method: POST, Path: /api/tokens/refresh\n" func="server.(*Server).MapHandlers()" file="handlers.go:\x1b"
time="2025-07-02T17:39:41+07:00" level=info msg="Method: GET, Path: /api/tokens\n" func="server.(*Server).MapHandlers()" file="handlers.go:\x1b"
time="2025-07-02T17:40:41+07:00" level=info msg="Method: POST, Path: /api/tokens/logout\n" func="server.(*Server).MapHandlers()" file="handlers.go:\x1b"
time="2025-07-02T17:40:41+07:00" level=info msg="Method: POST, Path: /api/tokens/:user_id\n" func="server.(*Server).MapHandlers()" file="handlers.go:\x1b"
time="2025-07-02T17:40:41+07:00" level=info msg="Method: POST, Path: /api/tokens/refresh\n" func="server.(*Server).MapHandlers()" file="handlers.go:\x1b"
time="2025-07-02T17:40:41+07:00" level=info msg="Method: GET, Path: /api/tokens\n" func="server.(*Server).MapHandlers()" file="handlers.go:\x1b"
time="2025-07-02T17:41:37+07:00" level=info msg="Method: POST, Path: /api/tokens/:user_id\n" func="server.(*Server).MapHandlers()" file="handlers.go:\x1b"
time="2025-07-02T17:41:37+07:00" level=info msg="Method: POST, Path: /api/tokens/refresh\n" func="server.(*Server).MapHandlers()" file="handlers.go:\x1b"
time="2025-07-02T17:41:37+07:00" level=info msg="Method: GET, Path: /api/tokens\n" func="server.(*Server).MapHandlers()" file="handlers.go:\x1b"
time="2025-07-02T17:41:37+07:00" level=info msg="Method: POST, Path: /api/tokens/logout\n" func="server.(*Server).MapHandlers()" file="handlers.go:\x1b"
time="2025-07-02T17:42:38+07:00" level=info msg="Method: POST, Path: /api/tokens/:user_id\n" func="server.(*Server).MapHandlers()" file="handlers.go:\x1b"
time="2025-07-02T17:42:38+07:00" level=info msg="Method: POST, Path: /api/tokens/refresh\n" func="server.(*Server).MapHandlers()" file="handlers.go:\x1b"
time="2025-07-02T17:42:38+07:00" level=info msg="Method: GET, Path: /api/tokens\n" func="server.(*Server).MapHandlers()" file="handlers.go:\x1b"
time="2025-07-02T17:42:38+07:00" level=info msg="Method: POST, Path: /api/tokens/logout\n" func="server.(*Server).MapHandlers()" file="handlers.go:\x1b"
time="2025-07-02T17:45:33+07:00" level=info msg="Method: POST, Path: /api/tokens/:user_id\n" func="server.(*Server).MapHandlers()" file="handlers.go:\x1b"
time="2025-07-02T17:45:33+07:00" level=info msg="Method: POST, Path: /api/tokens/refresh\n" func="server.(*Server).MapHandlers()" file="handlers.go:\x1b"
time="2025-07-02T17:45:33+07:00" level=info msg="Method: GET, Path: /api/tokens\n" func="server.(*Server).MapHandlers()" file="handlers.go:\x1b"
time="2025-07-02T17:45:33+07:00" level=info msg="Method: POST, Path: /api/tokens/logout\n" func="server.(*Server).MapHandlers()" file="handlers.go:\x1b"
time="2025-07-04T09:44:19+07:00" level=info msg="Method: POST, Path: /api/tokens/:user_id\n" func="server.(*Server).MapHandlers()" file="handlers.go:\x1b"
time="2025-07-04T09:44:19+07:00" level=info msg="Method: POST, Path: /api/tokens/refresh\n" func="server.(*Server).MapHandlers()" file="handlers.go:\x1b"
time="2025-07-04T09:44:19+07:00" level=info msg="Method: GET, Path: /api/tokens\n" func="server.(*Server).MapHandlers()" file="handlers.go:\x1b"
time="2025-07-04T09:44:19+07:00" level=info msg="Method: POST, Path: /api/tokens/logout\n" func="server.(*Server).MapHandlers()" file="handlers.go:\x1b"
time="2025-07-04T09:46:39+07:00" level=info msg="Method: POST, Path: /api/tokens/refresh\n" func="server.(*Server).MapHandlers()" file="handlers.go:\x1b"
time="2025-07-04T09:46:39+07:00" level=info msg="Method: GET, Path: /api/tokens\n" func="server.(*Server).MapHandlers()" file="handlers.go:\x1b"
time="2025-07-04T09:46:39+07:00" level=info msg="Method: POST, Path: /api/tokens/logout\n" func="server.(*Server).MapHandlers()" file="handlers.go:\x1b"
time="2025-07-04T09:46:39+07:00" level=info msg="Method: POST, Path: /api/tokens/:user_id\n" func="server.(*Server).MapHandlers()" file="handlers.go:\x1b"
time="2025-07-04T09:50:17+07:00" level=info msg="Method: POST, Path: /api/tokens/:user_id\n" func="server.(*Server).MapHandlers()" file="handlers.go:\x1b"
time="2025-07-04T09:50:17+07:00" level=info msg="Method: POST, Path: /api/tokens/refresh\n" func="server.(*Server).MapHandlers()" file="handlers.go:\x1b"
time="2025-07-04T09:50:17+07:00" level=info msg="Method: GET, Path: /api/tokens\n" func="server.(*Server).MapHandlers()" file="handlers.go:\x1b"
time="2025-07-04T09:50:17+07:00" level=info msg="Method: POST, Path: /api/tokens/logout\n" func="server.(*Server).MapHandlers()" file="handlers.go:\x1b"
time="2025-07-04T09:53:01+07:00" level=info msg="Method: POST, Path: /api/tokens/refresh\n" func="server.(*Server).MapHandlers()" file="handlers.go:\x1b"
time="2025-07-04T09:53:01+07:00" level=info msg="Method: GET, Path: /api/tokens\n" func="server.(*Server).MapHandlers()" file="handlers.go:\x1b"
time="2025-07-04T09:53:01+07:00" level=info msg="Method: POST, Path: /api/tokens/logout\n" func="server.(*Server).MapHandlers()" file="handlers.go:\x1b"
time="2025-07-04T09:53:01+07:00" level=info msg="Method: POST, Path: /api/tokens/:user_id\n" func="server.(*Server).MapHandlers()" file="handlers.go:\x1b"
time="2025-07-04T09:54:30+07:00" level=info msg="Method: POST, Path: /api/tokens/logout\n" func="server.(*Server).MapHandlers()" file="handlers.go:\x1b"
time="2025-07-04T09:54:30+07:00" level=info msg="Method: POST, Path: /api/tokens/:user_id\n" func="server.(*Server).MapHandlers()" file="handlers.go:\x1b"
time="2025-07-04T09:54:30+07:00" level=info msg="Method: POST, Path: /api/tokens/refresh\n" func="server.(*Server).MapHandlers()" file="handlers.go:\x1b"
time="2025-07-04T09:54:30+07:00" level=info msg="Method: GET, Path: /api/tokens\n" func="server.(*Server).MapHandlers()" file="handlers.go:\x1b"
time="2025-07-04T09:54:34+07:00" level=info msg="Генерация Refresh токена" func="usecase.(*authUseCase).CreateTokens()" file="usecase.go:)"
time="2025-07-04T09:54:34+07:00" level=info msg="Генерация хэша Refresh токена" func="usecase.(*authUseCase).CreateTokens()" file="usecase.go:."
time="2025-07-04T09:54:34+07:00" level=info msg="Создание Refresh токена в БД" func="usecase.(*authUseCase).CreateTokens()" file="usecase.go:>"
time="2025-07-04T09:54:34+07:00" level=info msg="Генерация Access токена" func="usecase.(*authUseCase).CreateTokens()" file="usecase.go:D"
time="2025-07-04T09:56:16+07:00" level=info msg="Method: POST, Path: /api/tokens/:user_id\n" func="server.(*Server).MapHandlers()" file="handlers.go:\x1b"
time="2025-07-04T09:56:16+07:00" level=info msg="Method: POST, Path: /api/tokens/refresh\n" func="server.(*Server).MapHandlers()" file="handlers.go:\x1b"
time="2025-07-04T09:56:16+07:00" level=info msg="Method: GET, Path: /api/tokens\n" func="server.(*Server).MapHandlers()" file="handlers.go:\x1b"
time="2025-07-04T09:56:16+07:00" level=info msg="Method: POST, Path: /api/tokens/logout\n" func="server.(*Server).MapHandlers()" file="handlers.go:\x1b"
time="2025-07-04T09:57:42+07:00" level=info msg="Генерация Refresh токена" func="usecase.(*authUseCase).CreateTokens()" file="usecase.go:)"
time="2025-07-04T09:57:42+07:00" level=info msg="Генерация хэша Refresh токена" func="usecase.(*authUseCase).CreateTokens()" file="usecase.go:."
time="2025-07-04T09:57:42+07:00" level=info msg="Создание Refresh токена в БД" func="usecase.(*authUseCase).CreateTokens()" file="usecase.go:>"
time="2025-07-04T09:57:42+07:00" level=info msg="Генерация Access токена" func="usecase.(*authUseCase).CreateTokens()" file="usecase.go:D"
time="2025-07-04T10:02:04+07:00" level=info msg="Method: POST, Path: /api/tokens/:user_id\n" func="server.(*Server).MapHandlers()" file="handlers.go:\x1b"
time="2025-07-04T10:02:04+07:00" level=info msg="Method: POST, Path: /api/tokens/refresh\n" func="server.(*Server).MapHandlers()" file="handlers.go:\x1b"
time="2025-07-04T10:02:04+07:00" level=info msg="Method: GET, Path: /api/tokens\n" func="server.(*Server).MapHandlers()" file="handlers.go:\x1b"
time="2025-07-04T10:02:04+07:00" level=info msg="Method: POST, Path: /api/tokens/logout\n" func="server.(*Server).MapHandlers()" file="handlers.go:\x1b"
time="2025-07-04T10:05:35+07:00" level=info msg="Method: POST, Path: /api/tokens/logout\n" func="server.(*Server).MapHandlers()" file="handlers.go:\x1b"
time="2025-07-04T10:05:35+07:00" level=info msg="Method: POST, Path: /api/tokens/:user_id\n" func="server.(*Server).MapHandlers()" file="handlers.go:\x1b"
time="2025-07-04T10:05:35+07:00" level=info msg="Method: POST, Path: /api/tokens/refresh\n" func="server.(*Server).MapHandlers()" file="handlers.go:\x1b"
time="2025-07-04T10:05:35+07:00" level=info msg="Method: GET, Path: /api/tokens\n" func="server.(*Server).MapHandlers()" file="handlers.go:\x1b"
time="2025-07-04T10:07:53+07:00" level=info msg="Method: GET, Path: /api/tokens\n" func="server.(*Server).MapHandlers()" file="handlers.go:\x1b"
time="2025-07-04T10:07:53+07:00" level=info msg="Method: POST, Path: /api/tokens/logout\n" func="server.(*Server).MapHandlers()" file="handlers.go:\x1b"
time="2025-07-04T10:07:53+07:00" level=info msg="Method: POST, Path: /api/tokens/:user_id\n" func="server.(*Server).MapHandlers()" file="handlers.go:\x1b"
time="2025-07-04T10:07:53+07:00" level=info msg="Method: POST, Path: /api/tokens/refresh\n" func="server.(*Server).MapHandlers()" file="handlers.go:\x1b"
time="2025-07-04T10:08:01+07:00" level=info msg="Генерация Refresh токена" func="usecase.(*authUseCase).CreateTokens()" file="usecase.go:)"
time="2025-07-04T10:08:01+07:00" level=info msg="Генерация хэша Refresh токена" func="usecase.(*authUseCase).CreateTokens()" file="usecase.go:."
time="2025-07-04T10:08:01+07:00" level=info msg="Создание Refresh токена в БД" func="usecase.(*authUseCase).CreateTokens()" file="usecase.go:>"
time="2025-07-04T10:08:01+07:00" level=info msg="Генерация Access токена" func="usecase.(*authUseCase).CreateTokens()" file="usecase.go:D"
time="2025-07-04T10:09:57+07:00" level=info msg="Method: POST, Path: /api/tokens/:user_id\n" func="server.(*Server).MapHandlers()" file="handlers.go:\x1b"
time="2025-07-04T10:09:57+07:00" level=info msg="Method: POST, Path: /api/tokens/refresh\n" func="server.(*Server).MapHandlers()" file="handlers.go:\x1b"
time="2025-07-04T10:09:57+07:00" level=info msg="Method: GET, Path: /api/tokens\n" func="server.(*Server).MapHandlers()" file="handlers.go:\x1b"
time="2025-07-04T10:09:57+07:00" level=info msg="Method: POST, Path: /api/tokens/logout\n" func="server.(*Server).MapHandlers()" file="handlers.go:\x1b"
time="2025-07-04T10:10:09+07:00" level=info msg="Генерация Refresh токена" func="usecase.(*authUseCase).CreateTokens()" file="usecase.go:)"
time="2025-07-04T10:10:09+07:00" level=info msg="Генерация хэша Refresh токена" func="usecase.(*authUseCase).CreateTokens()" file="usecase.go:."
time="2025-07-04T10:10:09+07:00" level=info msg="Создание Refresh токена в БД" func="usecase.(*authUseCase).CreateTokens()" file="usecase.go:>"
time="2025-07-04T10:10:09+07:00" level=info msg="Генерация Access токена" func="usecase.(*authUseCase).CreateTokens()" file="usecase.go:D"
time="2025-07-04T10:13:00+07:00" level=info msg="Method: POST, Path: /api/tokens/:user_id\n" func="server.(*Server).MapHandlers()" file="handlers.go:\x1b"
time="2025-07-04T10:13:00+07:00" level=info msg="Method: POST, Path: /api/tokens/refresh\n" func="server.(*Server).MapHandlers()" file="handlers.go:\x1b"
time="2025-07-04T10:13:00+07:00" level=info msg="Method: GET, Path: /api/tokens\n" func="server.(*Server).MapHandlers()" file="handlers.go:\x1b"
time="2025-07-04T10:13:00+07:00" level=info msg="Method: POST, Path: /api/tokens/logout\n" func="server.(*Server).MapHandlers()" file="handlers.go:\x1b"
time="2025-07-04T10:13:08+07:00" level=info msg="Генерация Refresh токена" func="usecase.(*authUseCase).CreateTokens()" file="usecase.go:'"
time="2025-07-04T10:13:08+07:00" level=info msg="Генерация хэша Refresh токена" func="usecase.(*authUseCase).CreateTokens()" file="usecase.go:,"
time="2025-07-04T10:13:08+07:00" level=info msg="Создание Refresh токена в БД" func="usecase.(*authUseCase).CreateTokens()" file="usecase.go:<"
time="2025-07-04T10:13:08+07:00" level=info msg="Генерация Access токена" func="usecase.(*authUseCase).CreateTokens()" file="usecase.go:B"
time="2025-07-04T10:13:29+07:00" level=info msg="Access токен не валиден" func="middleware.(*MiddlewareManager).AuthJWTMiddleware-fm.(*MiddlewareManager).AuthJWTMiddleware.func1()" file="jwt.go:\x1d"
time="2025-07-04T10:14:39+07:00" level=info msg="Access токен не валиден" func="middleware.(*MiddlewareManager).AuthJWTMiddleware-fm.(*MiddlewareManager).AuthJWTMiddleware.func1()" file="jwt.go:\x1d"
time="2025-07-04T10:16:45+07:00" level=info msg="Method: GET, Path: /api/tokens\n" func="server.(*Server).MapHandlers()" file="handlers.go:\x1b"
time="2025-07-04T10:16:45+07:00" level=info msg="Method: POST, Path: /api/tokens/logout\n" func="server.(*Server).MapHandlers()" file="handlers.go:\x1b"
time="2025-07-04T10:16:45+07:00" level=info msg="Method: POST, Path: /api/tokens/:user_id\n" func="server.(*Server).MapHandlers()" file="handlers.go:\x1b"
time="2025-07-04T10:16:45+07:00" level=info msg="Method: POST, Path: /api/tokens/refresh\n" func="server.(*Server).MapHandlers()" file="handlers.go:\x1b"
time="2025-07-04T10:17:27+07:00" level=info msg="Access токен не валиден" func="middleware.(*MiddlewareManager).AuthJWTMiddleware-fm.(*MiddlewareManager).AuthJWTMiddleware.func1()" file="jwt.go:\x1d"
time="2025-07-04T10:17:55+07:00" level=info msg="Method: POST, Path: /api/tokens/:user_id\n" func="server.(*Server).MapHandlers()" file="handlers.go:\x1b"
time="2025-07-04T10:17:55+07:00" level=info msg="Method: POST, Path: /api/tokens/refresh\n" func="server.(*Server).MapHandlers()" file="handlers.go:\x1b"
time="2025-07-04T10:17:55+07:00" level=info msg="Method: GET, Path: /api/tokens\n" func="server.(*Server).MapHandlers()" file="handlers.go:\x1b"
time="2025-07-04T10:17:55+07:00" level=info msg="Method: POST, Path: /api/tokens/logout\n" func="server.(*Server).MapHandlers()" file="handlers.go:\x1b"
time="2025-07-04T10:18:03+07:00" level=info msg="Access токен не валиден" func="middleware.(*MiddlewareManager).AuthJWTMiddleware-fm.(*MiddlewareManager).AuthJWTMiddleware.func1()" file="jwt.go:\x1d"
time="2025-07-04T10:18:31+07:00" level=info msg="Method: POST, Path: /api/tokens/logout\n" func="server.(*Server).MapHandlers()" file="handlers.go:\x1b"
time="2025-07-04T10:18:31+07:00" level=info msg="Method: POST, Path: /api/tokens/:user_id\n" func="server.(*Server).MapHandlers()" file="handlers.go:\x1b"
time="2025-07-04T10:18:31+07:00" level=info msg="Method: POST, Path: /api/tokens/refresh\n" func="server.(*Server).MapHandlers()" file="handlers.go:\x1b"
time="2025-07-04T10:18:31+07:00" level=info msg="Method: GET, Path: /api/tokens\n" func="server.(*Server).MapHandlers()" file="handlers.go:\x1b"
time="2025-07-04T10:19:41+07:00" level=info msg="Method: GET, Path: /api/tokens\n" func="server.(*Server).MapHandlers()" file="handlers.go:\x1b"
time="2025-07-04T10:19:41+07:00" level=info msg="Method: POST, Path: /api/tokens/logout\n" func="server.(*Server).MapHandlers()" file="handlers.go:\x1b"
time="2025-07-04T10:19:41+07:00" level=info msg="Method: POST, Path: /api/tokens/:user_id\n" func="server.(*Server).MapHandlers()" file="handlers.go:\x1b"
time="2025-07-04T10:19:41+07:00" level=info msg="Method: POST, Path: /api/tokens/refresh\n" func="server.(*Server).MapHandlers()" file="handlers.go:\x1b"
time="2025-07-04T10:21:50+07:00" level=info msg="Method: POST, Path: /api/tokens/:user_id\n" func="server.(*Server).MapHandlers()" file="handlers.go:\x1b"
time="2025-07-04T10:21:50+07:00" level=info msg="Method: POST, Path: /api/tokens/refresh\n" func="server.(*Server).MapHandlers()" file="handlers.go:\x1b"
time="2025-07-04T10:21:50+07:00" level=info msg="Method: GET, Path: /api/tokens\n" func="server.(*Server).MapHandlers()" file="handlers.go:\x1b"
time="2025-07-04T10:21:50+07:00" level=info msg="Method: POST, Path: /api/tokens/logout\n" func="server.(*Server).MapHandlers()" file="handlers.go:\x1b"
time="2025-07-04T10:22:31+07:00" level=info msg="Method: POST, Path: /api/tokens/:user_id\n" func="server.(*Server).MapHandlers()" file="handlers.go:\x1b"
time="2025-07-04T10:22:31+07:00" level=info msg="Method: POST, Path: /api/tokens/refresh\n" func="server.(*Server).MapHandlers()" file="handlers.go:\x1b"
time="2025-07-04T10:22:31+07:00" level=info msg="Method: GET, Path: /api/tokens\n" func="server.(*Server).MapHandlers()" file="handlers.go:\x1b"
time="2025-07-04T10:22:31+07:00" level=info msg="Method: POST, Path: /api/tokens/logout\n" func="server.(*Server).MapHandlers()" file="handlers.go:\x1b"
time="2025-07-04T10:27:53+07:00" level=info msg="Method: POST, Path: /api/tokens/:user_id\n" func="server.(*Server).MapHandlers()" file="handlers.go:\x1b"
time="2025-07-04T10:27:53+07:00" level=info msg="Method: POST, Path: /api/tokens/refresh\n" func="server.(*Server).MapHandlers()" file="handlers.go:\x1b"
time="2025-07-04T10:27:53+07:00" level=info msg="Method: GET, Path: /api/tokens\n" func="server.(*Server).MapHandlers()" file="handlers.go:\x1b"
time="2025-07-04T10:27:53+07:00" level=info msg="Method: POST, Path: /api/tokens/logout\n" func="server.(*Server).MapHandlers()" file="handlers.go:\x1b"
time="2025-07-04T10:28:23+07:00" level=info msg="Генерация Refresh токена" func="usecase.(*authUseCase).CreateTokens()" file="usecase.go:'"
time="2025-07-04T10:28:23+07:00" level=info msg="Генерация хэша Refresh токена" func="usecase.(*authUseCase).CreateTokens()" file="usecase.go:,"
time="2025-07-04T10:28:23+07:00" level=info msg="Создание Refresh токена в БД" func="usecase.(*authUseCase).CreateTokens()" file="usecase.go:<"
time="2025-07-04T10:28:23+07:00" level=info msg="Генерация Access токена" func="usecase.(*authUseCase).CreateTokens()" file="usecase.go:B"
time="2025-07-04T10:28:50+07:00" level=info msg="Получение Рефреш токена по Хэшу" func="usecase.(*authUseCase).RefreshToken()" file="usecase.go:t"
time="2025-07-04T10:28:50+07:00" level=info msg="Получение UserID из токена" func="usecase.(*authUseCase).RefreshToken()" file="usecase.go:z"
time="2025-07-04T10:28:50+07:00" level=info msg="Получение UserID из Refresh токена" func="usecase.(*authUseCase).RefreshToken()" file="usecase.go:\u0080"
time="2025-07-04T10:28:50+07:00" level=info msg="Сравнение user id у токенов" func="usecase.(*authUseCase).RefreshToken()" file="usecase.go:\u0086"
time="2025-07-04T10:29:09+07:00" level=info msg="Получение Рефреш токена по Хэшу" func="usecase.(*authUseCase).RefreshToken()" file="usecase.go:t"
time="2025-07-04T10:29:09+07:00" level=info msg="Получение UserID из токена" func="usecase.(*authUseCase).RefreshToken()" file="usecase.go:z"
time="2025-07-04T10:29:09+07:00" level=info msg="Получение UserID из Refresh токена" func="usecase.(*authUseCase).RefreshToken()" file="usecase.go:\u0080"
time="2025-07-04T10:29:09+07:00" level=info msg="Сравнение user id у токенов" func="usecase.(*authUseCase).RefreshToken()" file="usecase.go:\u0086"
time="2025-07-04T10:29:09+07:00" level=info msg="Удаление старого рефреш токена из БД" func="usecase.(*authUseCase).RefreshToken()" file="usecase.go:\u008b"
time="2025-07-04T10:29:09+07:00" level=info msg="Проверка на совпадения браузера" func="usecase.(*authUseCase).RefreshToken()" file="usecase.go:\u0090"
time="2025-07-04T10:29:09+07:00" level=info msg="Запуск создания новой пары" func="usecase.(*authUseCase).RefreshToken()" file="usecase.go:\u0095"
time="2025-07-04T10:29:09+07:00" level=info msg="Генерация Refresh токена" func="usecase.(*authUseCase).CreateTokens()" file="usecase.go:'"
time="2025-07-04T10:29:09+07:00" level=info msg="Генерация хэша Refresh токена" func="usecase.(*authUseCase).CreateTokens()" file="usecase.go:,"
time="2025-07-04T10:29:09+07:00" level=info msg="Создание Refresh токена в БД" func="usecase.(*authUseCase).CreateTokens()" file="usecase.go:<"
time="2025-07-04T10:29:09+07:00" level=info msg="Генерация Access токена" func="usecase.(*authUseCase).CreateTokens()" file="usecase.go:B"
time="2025-07-04T10:29:41+07:00" level=info msg="Получения пользователя по аксесс токену" func="usecase.(*authUseCase).DeleteRefreshToken()" file="usecase.go:S"
time="2025-07-04T10:29:41+07:00" level=info msg="Удаление Рефреш токена по UserID" func="usecase.(*authUseCase).DeleteRefreshToken()" file="usecase.go:Y"
time="2025-07-04T10:39:34+07:00" level=info msg="Method: POST, Path: /api/tokens/:user_id\n" func="server.(*Server).MapHandlers()" file="handlers.go:\x1b"
time="2025-07-04T10:39:34+07:00" level=info msg="Method: POST, Path: /api/tokens/refresh\n" func="server.(*Server).MapHandlers()" file="handlers.go:\x1b"
time="2025-07-04T10:39:34+07:00" level=info msg="Method: GET, Path: /api/tokens\n" func="server.(*Server).MapHandlers()" file="handlers.go:\x1b"
time="2025-07-04T10:39:34+07:00" level=info msg="Method: POST, Path: /api/tokens/logout\n" func="server.(*Server).MapHandlers()" file="handlers.go:\x1b"
time="2025-07-04T10:39:41+07:00" level=info msg="Access токен не валиден" func="middleware.(*MiddlewareManager).AuthJWTMiddleware-fm.(*MiddlewareManager).AuthJWTMiddleware.func1()" file="jwt.go:\x1d"
time="2025-07-04T10:41:38+07:00" level=info msg="Генерация Refresh токена" func="usecase.(*authUseCase).CreateTokens()" file="usecase.go:'"
time="2025-07-04T10:41:38+07:00" level=info msg="Генерация хэша Refresh токена" func="usecase.(*authUseCase).CreateTokens()" file="usecase.go:,"
time="2025-07-04T10:41:38+07:00" level=info msg="Создание Refresh токена в БД" func="usecase.(*authUseCase).CreateTokens()" file="usecase.go:<"
time="2025-07-04T10:41:38+07:00" level=info msg="Генерация Access токена" func="usecase.(*authUseCase).CreateTokens()" file="usecase.go:B"
time="2025-07-04T10:42:49+07:00" level=info msg="Получения пользователя по аксесс токену" func="usecase.(*authUseCase).DeleteRefreshToken()" file="usecase.go:S"
time="2025-07-04T10:42:49+07:00" level=info msg="Удаление Рефреш токена по UserID" func="usecase.(*authUseCase).DeleteRefreshToken()" file="usecase.go:Y"
time="2025-07-04T10:42:53+07:00" level=info msg="Access токен не валиден" func="middleware.(*MiddlewareManager).AuthJWTMiddleware-fm.(*MiddlewareManager).AuthJWTMiddleware.func1()" file="jwt.go:\x1d"
time="2025-07-04T11:19:44+07:00" level=info msg="Method: POST, Path: /api/tokens/:user_id\n" func="server.(*Server).MapHandlers()" file="handlers.go:\x1b"
time="2025-07-04T11:19:44+07:00" level=info msg="Method: POST, Path: /api/tokens/refresh\n" func="server.(*Server).MapHandlers()" file="handlers.go:\x1b"
time="2025-07-04T11:19:44+07:00" level=info msg="Method: GET, Path: /api/tokens\n" func="server.(*Server).MapHandlers()" file="handlers.go:\x1b"
time="2025-07-04T11:19:44+07:00" level=info msg="Method: POST, Path: /api/tokens/logout\n" func="server.(*Server).MapHandlers()" file="handlers.go:\x1b"
time="2025-07-04T11:19:59+07:00" level=info msg="Генерация Refresh токена" func="usecase.(*authUseCase).CreateTokens()" file="usecase.go:'"
time="2025-07-04T11:19:59+07:00" level=info msg="Генерация хэша Refresh токена" func="usecase.(*authUseCase).CreateTokens()" file="usecase.go:,"
time="2025-07-04T11:19:59+07:00" level=info msg="Создание Refresh токена в БД" func="usecase.(*authUseCase).CreateTokens()" file="usecase.go:<"
time="2025-07-04T11:19:59+07:00" level=info msg="Генерация Access токена" func="usecase.(*authUseCase).CreateTokens()" file="usecase.go:B"
time="2025-07-04T11:20:15+07:00" level=info msg="Получения пользователя по аксесс токену" func="usecase.(*authUseCase).DeleteRefreshToken()" file="usecase.go:S"
time="2025-07-04T13:41:05+07:00" level=info msg="Method: POST, Path: /api/tokens/:user_id\n" func="server.(*Server).MapHandlers()" file="handlers.go:\x1b"
time="2025-07-04T13:41:05+07:00" level=info msg="Method: POST, Path: /api/tokens/refresh\n" func="server.(*Server).MapHandlers()" file="handlers.go:\x1b"
time="2025-07-04T13:41:05+07:00" level=info msg="Method: GET, Path: /api/tokens\n" func="server.(*Server).MapHandlers()" file="handlers.go:\x1b"
time="2025-07-04T13:41:05+07:00" level=info msg="Method: POST, Path: /api/tokens/logout\n" func="server.(*Server).MapHandlers()" file="handlers.go:\x1b"
time="2025-07-04T13:41:21+07:00" level=info msg="Генерация Refresh токена" func="usecase.(*authUseCase).CreateTokens()" file="usecase.go:'"
time="2025-07-04T13:41:21+07:00" level=info msg="Генерация хэша Refresh токена" func="usecase.(*authUseCase).CreateTokens()" file="usecase.go:,"
time="2025-07-04T13:41:21+07:00" level=info msg="Создание Refresh токена в БД" func="usecase.(*authUseCase).CreateTokens()" file="usecase.go:<"
time="2025-07-04T13:41:21+07:00" level=info msg="Генерация Access токена" func="usecase.(*authUseCase).CreateTokens()" file="usecase.go:B"
time="2025-07-04T13:46:37+07:00" level=info msg="Method: POST, Path: /api/tokens/refresh\n" func="server.(*Server).MapHandlers()" file="handlers.go:\x1b"
time="2025-07-04T13:46:37+07:00" level=info msg="Method: GET, Path: /api/tokens\n" func="server.(*Server).MapHandlers()" file="handlers.go:\x1b"
time="2025-07-04T13:46:37+07:00" level=info msg="Method: POST, Path: /api/tokens/logout\n" func="server.(*Server).MapHandlers()" file="handlers.go:\x1b"
time="2025-07-04T13:46:37+07:00" level=info msg="Method: POST, Path: /api/tokens/:user_id\n" func="server.(*Server).MapHandlers()" file="handlers.go:\x1b"
time="2025-07-04T13:47:06+07:00" level=info msg="Получения пользователя по аксесс токену" func="usecase.(*authUseCase).DeleteRefreshToken()" file="usecase.go:O"
time="2025-07-04T13:47:06+07:00" level=info msg="Удаление Рефреш токена по UserID" func="usecase.(*authUseCase).DeleteRefreshToken()" file="usecase.go:R"
time="2025-07-04T13:47:14+07:00" level=info msg="Access токен не валиден или отсутствует" func="middleware.(*MiddlewareManager).AuthJWTMiddleware-fm.(*MiddlewareManager).AuthJWTMiddleware.func1()" file="jwt.go:\x11"
time="2025-07-04T13:47:27+07:00" level=info msg="Генерация Refresh токена" func="usecase.(*authUseCase).CreateTokens()" file="usecase.go:$"
time="2025-07-04T13:47:27+07:00" level=info msg="Генерация хэша Refresh токена" func="usecase.(*authUseCase).CreateTokens()" file="usecase.go:)"
time="2025-07-04T13:47:27+07:00" level=info msg="Создание Refresh токена в БД" func="usecase.(*authUseCase).CreateTokens()" file="usecase.go:9"
time="2025-07-04T13:47:27+07:00" level=info msg="Генерация Access токена" func="usecase.(*authUseCase).CreateTokens()" file="usecase.go:?"
time="2025-07-04T13:47:47+07:00" level=info msg="Генерация Refresh токена" func="usecase.(*authUseCase).CreateTokens()" file="usecase.go:$"
time="2025-07-04T13:47:47+07:00" level=info msg="Генерация хэша Refresh токена" func="usecase.(*authUseCase).CreateTokens()" file="usecase.go:)"
time="2025-07-04T13:47:47+07:00" level=info msg="Создание Refresh токена в БД" func="usecase.(*authUseCase).CreateTokens()" file="usecase.go:9"
time="2025-07-04T13:47:47+07:00" level=info msg="Генерация Access токена" func="usecase.(*authUseCase).CreateTokens()" file="usecase.go:?"
time="2025-07-04T13:48:03+07:00" level=info msg="Получение Рефреш токена по Хэшу" func="usecase.(*authUseCase).RefreshToken()" file="usecase.go:["
time="2025-07-04T13:48:03+07:00" level=info msg="Получение UserID из токена" func="usecase.(*authUseCase).RefreshToken()" file="usecase.go:a"
time="2025-07-04T13:48:03+07:00" level=info msg="Получение UserID из Refresh токена" func="usecase.(*authUseCase).RefreshToken()" file="usecase.go:d"
time="2025-07-04T13:48:03+07:00" level=info msg="Сравнение user id у токенов" func="usecase.(*authUseCase).RefreshToken()" file="usecase.go:j"
time="2025-07-04T13:48:59+07:00" level=info msg="Генерация Refresh токена" func="usecase.(*authUseCase).CreateTokens()" file="usecase.go:$"
time="2025-07-04T13:48:59+07:00" level=info msg="Генерация хэша Refresh токена" func="usecase.(*authUseCase).CreateTokens()" file="usecase.go:)"
time="2025-07-04T13:48:59+07:00" level=info msg="Создание Refresh токена в БД" func="usecase.(*authUseCase).CreateTokens()" file="usecase.go:9"
time="2025-07-04T13:48:59+07:00" level=info msg="Генерация Access токена" func="usecase.(*authUseCase).CreateTokens()" file="usecase.go:?"
time="2025-07-04T13:49:24+07:00" level=info msg="Получение Рефреш токена по Хэшу" func="usecase.(*authUseCase).RefreshToken()" file="usecase.go:["
time="2025-07-04T13:49:24+07:00" level=info msg="Получение UserID из токена" func="usecase.(*authUseCase).RefreshToken()" file="usecase.go:a"
time="2025-07-04T13:49:24+07:00" level=info msg="Получение UserID из Refresh токена" func="usecase.(*authUseCase).RefreshToken()" file="usecase.go:d"
time="2025-07-04T13:49:24+07:00" level=info msg="Сравнение user id у токенов" func="usecase.(*authUseCase).RefreshToken()" file="usecase.go:j"
time="2025-07-04T13:49:24+07:00" level=info msg="Удаление старого рефреш токена из БД" func="usecase.(*authUseCase).RefreshToken()" file="usecase.go:o"
time="2025-07-04T13:49:24+07:00" level=info msg="Проверка на совпадения браузера" func="usecase.(*authUseCase).RefreshToken()" file="usecase.go:t"
time="2025-07-04T13:49:24+07:00" level=info msg="Запуск создания новой пары" func="usecase.(*authUseCase).RefreshToken()" file="usecase.go:~"
time="2025-07-04T13:49:24+07:00" level=info msg="Генерация Refresh токена" func="usecase.(*authUseCase).CreateTokens()" file="usecase.go:$"
time="2025-07-04T13:49:24+07:00" level=info msg="Генерация хэша Refresh токена" func="usecase.(*authUseCase).CreateTokens()" file="usecase.go:)"
time="2025-07-04T13:49:24+07:00" level=info msg="Создание Refresh токена в БД" func="usecase.(*authUseCase).CreateTokens()" file="usecase.go:9"
time="2025-07-04T13:49:24+07:00" level=info msg="Генерация Access токена" func="usecase.(*authUseCase).CreateTokens()" file="usecase.go:?"
time="2025-07-04T13:57:59+07:00" level=info msg="Method: POST, Path: /api/tokens/:user_id\n" func="server.(*Server).MapHandlers()" file="handlers.go:\x1b"
time="2025-07-04T13:57:59+07:00" level=info msg="Method: POST, Path: /api/tokens/refresh\n" func="server.(*Server).MapHandlers()" file="handlers.go:\x1b"
time="2025-07-04T13:57:59+07:00" level=info msg="Method: GET, Path: /api/tokens\n" func="server.(*Server).MapHandlers()" file="handlers.go:\x1b"
time="2025-07-04T13:57:59+07:00" level=info msg="Method: POST, Path: /api/tokens/logout\n" func="server.(*Server).MapHandlers()" file="handlers.go:\x1b"
time="2025-07-04T13:58:20+07:00" level=info msg="Генерация Refresh токена" func="usecase.(*authUseCase).CreateTokens()" file="usecase.go:%"
time="2025-07-04T13:58:20+07:00" level=info msg="Генерация хэша Refresh токена" func="usecase.(*authUseCase).CreateTokens()" file="usecase.go:*"
time="2025-07-04T13:58:20+07:00" level=info msg="Создание Refresh токена в БД" func="usecase.(*authUseCase).CreateTokens()" file="usecase.go::"
time="2025-07-04T13:58:20+07:00" level=info msg="Генерация Access токена" func="usecase.(*authUseCase).CreateTokens()" file="usecase.go:@"
time="2025-07-04T14:00:40+07:00" level=info msg="Получение Рефреш токена по Хэшу" func="usecase.(*authUseCase).RefreshToken()" file="usecase.go:\\"
time="2025-07-04T14:00:40+07:00" level=info msg="Получение UserID из токена" func="usecase.(*authUseCase).RefreshToken()" file="usecase.go:b"
time="2025-07-04T14:00:40+07:00" level=info msg="Получение UserID из Refresh токена" func="usecase.(*authUseCase).RefreshToken()" file="usecase.go:e"
time="2025-07-04T14:00:40+07:00" level=info msg="Проверка валидности Refresh токена" func="usecase.(*authUseCase).RefreshToken()" file="usecase.go:j"
time="2025-07-04T14:01:25+07:00" level=info msg="Генерация Refresh токена" func="usecase.(*authUseCase).CreateTokens()" file="usecase.go:%"
time="2025-07-04T14:01:25+07:00" level=info msg="Генерация хэша Refresh токена" func="usecase.(*authUseCase).CreateTokens()" file="usecase.go:*"
time="2025-07-04T14:01:25+07:00" level=info msg="Создание Refresh токена в БД" func="usecase.(*authUseCase).CreateTokens()" file="usecase.go::"
time="2025-07-04T14:01:25+07:00" level=info msg="Генерация Access токена" func="usecase.(*authUseCase).CreateTokens()" file="usecase.go:@"
time="2025-07-04T14:03:24+07:00" level=info msg="Method: POST, Path: /api/tokens/:user_id\n" func="server.(*Server).MapHandlers()" file="handlers.go:\x1b"
time="2025-07-04T14:03:24+07:00" level=info msg="Method: POST, Path: /api/tokens/refresh\n" func="server.(*Server).MapHandlers()" file="handlers.go:\x1b"
time="2025-07-04T14:03:24+07:00" level=info msg="Method: GET, Path: /api/tokens\n" func="server.(*Server).MapHandlers()" file="handlers.go:\x1b"
time="2025-07-04T14:03:24+07:00" level=info msg="Method: POST, Path: /api/tokens/logout\n" func="server.(*Server).MapHandlers()" file="handlers.go:\x1b"
time="2025-07-04T14:03:38+07:00" level=info msg="Генерация Refresh токена" func="usecase.(*authUseCase).CreateTokens()" file="usecase.go:%"
time="2025-07-04T14:03:38+07:00" level=info msg="Генерация хэша Refresh токена" func="usecase.(*authUseCase).CreateTokens()" file="usecase.go:*"
time="2025-07-04T14:03:38+07:00" level=info msg="Создание Refresh токена в БД" func="usecase.(*authUseCase).CreateTokens()" file="usecase.go::"
time="2025-07-04T14:03:38+07:00" level=info msg="Генерация Access токена" func="usecase.(*authUseCase).CreateTokens()" file="usecase.go:@"
time="2025-07-04T14:06:34+07:00" level=info msg="Method: POST, Path: /api/tokens/:user_id\n" func="server.(*Server).MapHandlers()" file="handlers.go:\x1b"
time="2025-07-04T14:06:34+07:00" level=info msg="Method: POST, Path: /api/tokens/refresh\n" func="server.(*Server).MapHandlers()" file="handlers.go:\x1b"
time="2025-07-04T14:06:34+07:00" level=info msg="Method: GET, Path: /api/tokens\n" func="server.(*Server).MapHandlers()" file="handlers.go:\x1b"
time="2025-07-04T14:06:34+07:00" level=info msg="Method: POST, Path: /api/tokens/logout\n" func="server.(*Server).MapHandlers()" file="handlers.go:\x1b"
time="2025-07-04T14:08:29+07:00" level=info msg="Method: POST, Path: /api/tokens/:user_id\n" func="server.(*Server).MapHandlers()" file="handlers.go:\x1b"
time="2025-07-04T14:08:29+07:00" level=info msg="Method: POST, Path: /api/tokens/refresh\n" func="server.(*Server).MapHandlers()" file="handlers.go:\x1b"
time="2025-07-04T14:08:29+07:00" level=info msg="Method: GET, Path: /api/tokens\n" func="server.(*Server).MapHandlers()" file="handlers.go:\x1b"
time="2025-07-04T14:08:29+07:00" level=info msg="Method: POST, Path: /api/tokens/logout\n" func="server.(*Server).MapHandlers()" file="handlers.go:\x1b"
time="2025-07-04T14:09:26+07:00" level=info msg="Method: POST, Path: /api/tokens/refresh\n" func="server.(*Server).MapHandlers()" file="handlers.go:\x1b"
time="2025-07-04T14:09:26+07:00" level=info msg="Method: GET, Path: /api/tokens\n" func="server.(*Server).MapHandlers()" file="handlers.go:\x1b"
time="2025-07-04T14:09:26+07:00" level=info msg="Method: POST, Path: /api/tokens/logout\n" func="server.(*Server).MapHandlers()" file="handlers.go:\x1b"
time="2025-07-04T14:09:26+07:00" level=info msg="Method: POST, Path: /api/tokens/:user_id\n" func="server.(*Server).MapHandlers()" file="handlers.go:\x1b"
time="2025-07-04T14:10:56+07:00" level=info msg="Method: POST, Path: /api/tokens/:user_id\n" func="server.(*Server).MapHandlers()" file="handlers.go:\x1b"
time="2025-07-04T14:10:56+07:00" level=info msg="Method: POST, Path: /api/tokens/refresh\n" func="server.(*Server).MapHandlers()" file="handlers.go:\x1b"
time="2025-07-04T14:10:56+07:00" level=info msg="Method: GET, Path: /api/tokens\n" func="server.(*Server).MapHandlers()" file="handlers.go:\x1b"
time="2025-07-04T14:10:56+07:00" level=info msg="Method: POST, Path: /api/tokens/logout\n" func="server.(*Server).MapHandlers()" file="handlers.go:\x1b"
time="2025-07-04T14:12:10+07:00" level=info msg="Method: POST, Path: /api/tokens/logout\n" func="server.(*Server).MapHandlers()" file="handlers.go:\x1b"
time="2025-07-04T14:12:10+07:00" level=info msg="Method: POST, Path: /api/tokens/:user_id\n" func="server.(*Server).MapHandlers()" file="handlers.go:\x1b"
time="2025-07-04T14:12:10+07:00" level=info msg="Method: POST, Path: /api/tokens/refresh\n" func="server.(*Server).MapHandlers()" file="handlers.go:\x1b"
time="2025-07-04T14:12:10+07:00" level=info msg="Method: GET, Path: /api/tokens\n" func="server.(*Server).MapHandlers()" file="handlers.go:\x1b"
time="2025-07-04T14:12:58+07:00" level=info msg="Method: GET, Path: /api/tokens\n" func="server.(*Server).MapHandlers()" file="handlers.go:\x1b"
time="2025-07-04T14:12:58+07:00" level=info msg="Method: POST, Path: /api/tokens/logout\n" func="server.(*Server).MapHandlers()" file="handlers.go:\x1b"
time="2025-07-04T14:12:58+07:00" level=info msg="Method: POST, Path: /api/tokens/:user_id\n" func="server.(*Server).MapHandlers()" file="handlers.go:\x1b"
time="2025-07-04T14:12:58+07:00" level=info msg="Method: POST, Path: /api/tokens/refresh\n" func="server.(*Server).MapHandlers()" file="handlers.go:\x1b"
time="2025-07-04T14:13:39+07:00" level=info msg="Method: POST, Path: /api/tokens/:user_id\n" func="server.(*Server).MapHandlers()" file="handlers.go:\x1b"
time="2025-07-04T14:13:39+07:00" level=info msg="Method: POST, Path: /api/tokens/refresh\n" func="server.(*Server).MapHandlers()" file="handlers.go:\x1b"
time="2025-07-04T14:13:39+07:00" level=info msg="Method: GET, Path: /api/tokens\n" func="server.(*Server).MapHandlers()" file="handlers.go:\x1b"
time="2025-07-04T14:13:39+07:00" level=info msg="Method: POST, Path: /api/tokens/logout\n" func="server.(*Server).MapHandlers()" file="handlers.go:\x1b"
time="2025-07-04T14:16:27+07:00" level=info msg="Method: POST, Path: /api/tokens/:user_id\n" func="server.(*Server).MapHandlers()" file="handlers.go:\x1b"
time="2025-07-04T14:16:27+07:00" level=info msg="Method: POST, Path: /api/tokens/refresh\n" func="server.(*Server).MapHandlers()" file="handlers.go:\x1b"
time="2025-07-04T14:16:27+07:00" level=info msg="Method: GET, Path: /api/tokens\n" func="server.(*Server).MapHandlers()" file="handlers.go:\x1b"
time="2025-07-04T14:16:27+07:00" level=info msg="Method: POST, Path: /api/tokens/logout\n" func="server.(*Server).MapHandlers()" file="handlers.go:\x1b"
time="2025-07-04T14:17:41+07:00" level=info msg="Генерация Refresh токена" func="usecase.(*authUseCase).CreateTokens()" file="usecase.go:%"
time="2025-07-04T14:17:41+07:00" level=info msg="Генерация хэша Refresh токена" func="usecase.(*authUseCase).CreateTokens()" file="usecase.go:*"
time="2025-07-04T14:17:41+07:00" level=info msg="Создание Refresh токена в БД" func="usecase.(*authUseCase).CreateTokens()" file="usecase.go::"
time="2025-07-04T14:17:41+07:00" level=info msg="Генерация Access токена" func="usecase.(*authUseCase).CreateTokens()" file="usecase.go:@"
time="2025-07-04T14:18:06+07:00" level=info msg="Генерация Refresh токена" func="usecase.(*authUseCase).CreateTokens()" file="usecase.go:%"
time="2025-07-04T14:18:06+07:00" level=info msg="Генерация хэша Refresh токена" func="usecase.(*authUseCase).CreateTokens()" file="usecase.go:*"
time="2025-07-04T14:18:07+07:00" level=info msg="Создание Refresh токена в БД" func="usecase.(*authUseCase).CreateTokens()" file="usecase.go::"
time="2025-07-04T14:18:07+07:00" level=info msg="Генерация Access токена" func="usecase.(*authUseCase).CreateTokens()" file="usecase.go:@"
time="2025-07-04T14:18:16+07:00" level=info msg="Получение Рефреш токена по Хэшу" func="usecase.(*authUseCase).RefreshToken()" file="usecase.go:\\"
time="2025-07-04T14:18:16+07:00" level=info msg="Получение UserID из токена" func="usecase.(*authUseCase).RefreshToken()" file="usecase.go:b"
time="2025-07-04T14:18:16+07:00" level=info msg="Получение UserID из Refresh токена" func="usecase.(*authUseCase).RefreshToken()" file="usecase.go:e"
time="2025-07-04T14:18:16+07:00" level=info msg="Проверка валидности Refresh токена" func="usecase.(*authUseCase).RefreshToken()" file="usecase.go:j"
time="2025-07-04T14:18:16+07:00" level=info msg="Сравнение user id у токенов" func="usecase.(*authUseCase).RefreshToken()" file="usecase.go:o"
time="2025-07-04T14:18:23+07:00" level=info msg="Получение Рефреш токена по Хэшу" func="usecase.(*authUseCase).RefreshToken()" file="usecase.go:\\"
time="2025-07-04T14:18:23+07:00" level=info msg="Получение UserID из токена" func="usecase.(*authUseCase).RefreshToken()" file="usecase.go:b"
time="2025-07-04T14:18:23+07:00" level=info msg="Получение UserID из Refresh токена" func="usecase.(*authUseCase).RefreshToken()" file="usecase.go:e"
time="2025-07-04T14:18:23+07:00" level=info msg="Проверка валидности Refresh токена" func="usecase.(*authUseCase).RefreshToken()" file="usecase.go:j"
time="2025-07-04T14:18:23+07:00" level=info msg="Сравнение user id у токенов" func="usecase.(*authUseCase).RefreshToken()" file="usecase.go:o"
time="2025-07-04T14:18:34+07:00" level=info msg="Генерация Refresh токена" func="usecase.(*authUseCase).CreateTokens()" file="usecase.go:%"
time="2025-07-04T14:18:34+07:00" level=info msg="Генерация хэша Refresh токена" func="usecase.(*authUseCase).CreateTokens()" file="usecase.go:*"
time="2025-07-04T14:18:34+07:00" level=info msg="Создание Refresh токена в БД" func="usecase.(*authUseCase).CreateTokens()" file="usecase.go::"
time="2025-07-04T14:18:34+07:00" level=info msg="Генерация Access токена" func="usecase.(*authUseCase).CreateTokens()" file="usecase.go:@"
time="2025-07-04T14:18:53+07:00" level=info msg="Генерация Refresh токена" func="usecase.(*authUseCase).CreateTokens()" file="usecase.go:%"
time="2025-07-04T14:18:53+07:00" level=info msg="Генерация хэша Refresh токена" func="usecase.(*authUseCase).CreateTokens()" file="usecase.go:*"
time="2025-07-04T14:18:53+07:00" level=info msg="Создание Refresh токена в БД" func="usecase.(*authUseCase).CreateTokens()" file="usecase.go::"
time="2025-07-04T14:18:53+07:00" level=info msg="Генерация Access токена" func="usecase.(*authUseCase).CreateTokens()" file="usecase.go:@"
time="2025-07-04T14:19:13+07:00" level=info msg="Генерация Refresh токена" func="usecase.(*authUseCase).CreateTokens()" file="usecase.go:%"
time="2025-07-04T14:19:13+07:00" level=info msg="Генерация хэша Refresh токена" func="usecase.(*authUseCase).CreateTokens()" file="usecase.go:*"
time="2025-07-04T14:19:13+07:00" level=info msg="Создание Refresh токена в БД" func="usecase.(*authUseCase).CreateTokens()" file="usecase.go::"
time="2025-07-04T14:19:13+07:00" level=info msg="Генерация Access токена" func="usecase.(*authUseCase).CreateTokens()" file="usecase.go:@"
time="2025-07-04T14:19:34+07:00" level=info msg="Получение Рефреш токена по Хэшу" func="usecase.(*authUseCase).RefreshToken()" file="usecase.go:\\"
time="2025-07-04T14:19:34+07:00" level=info msg="Получение UserID из токена" func="usecase.(*authUseCase).RefreshToken()" file="usecase.go:b"
time="2025-07-04T14:19:34+07:00" level=info msg="Получение UserID из Refresh токена" func="usecase.(*authUseCase).RefreshToken()" file="usecase.go:e"
time="2025-07-04T14:19:34+07:00" level=info msg="Проверка валидности Refresh токена" func="usecase.(*authUseCase).RefreshToken()" file="usecase.go:j"
time="2025-07-04T14:19:34+07:00" level=info msg="Сравнение user id у токенов" func="usecase.(*authUseCase).RefreshToken()" file="usecase.go:o"
time="2025-07-04T14:57:11+07:00" level=info msg="Method: POST, Path: /api/tokens/:user_id\n" func="server.(*Server).MapHandlers()" file="handlers.go:\x1b"
time="2025-07-04T14:57:11+07:00" level=info msg="Method: POST, Path: /api/refresh\n" func="server.(*Server).MapHandlers()" file="handlers.go:\x1b"
time="2025-07-04T14:57:11+07:00" level=info msg="Method: GET, Path: /api/tokens\n" func="server.(*Server).MapHandlers()" file="handlers.go:\x1b"
time="2025-07-04T14:57:11+07:00" level=info msg="Method: POST, Path: /api/logout\n" func="server.(*Server).MapHandlers()" file="handlers.go:\x1b"
time="2025-07-04T14:57:24+07:00" level=info msg="Генерация Refresh токена" func="usecase.(*authUseCase).CreateTokens()" file="usecase.go:%"
time="2025-07-04T14:57:24+07:00" level=info msg="Генерация хэша Refresh токена" func="usecase.(*authUseCase).CreateTokens()" file="usecase.go:*"
time="2025-07-04T14:57:24+07:00" level=info msg="Генерация Access токена" func="usecase.(*authUseCase).CreateTokens()" file="usecase.go::"
time="2025-07-04T14:57:24+07:00" level=info msg="Создание Refresh токена в БД" func="usecase.(*authUseCase).CreateTokens()" file="usecase.go:E"
time="2025-07-04T14:57:54+07:00" level=info msg="Генерация Refresh токена" func="usecase.(*authUseCase).CreateTokens()" file="usecase.go:%"
time="2025-07-04T14:57:54+07:00" level=info msg="Генерация хэша Refresh токена" func="usecase.(*authUseCase).CreateTokens()" file="usecase.go:*"
time="2025-07-04T14:57:54+07:00" level=info msg="Генерация Access токена" func="usecase.(*authUseCase).CreateTokens()" file="usecase.go::"
time="2025-07-04T14:57:54+07:00" level=info msg="Получения пользователя по аксесс токену" func="usecase.(*authUseCase).DeleteRefreshToken()" file="usecase.go:T"
time="2025-07-04T15:00:12+07:00" level=info msg="Method: GET, Path: /api/tokens\n" func="server.(*Server).MapHandlers()" file="handlers.go:\x1b"
time="2025-07-04T15:00:12+07:00" level=info msg="Method: POST, Path: /api/logout\n" func="server.(*Server).MapHandlers()" file="handlers.go:\x1b"
time="2025-07-04T15:00:12+07:00" level=info msg="Method: POST, Path: /api/tokens/:user_id\n" func="server.(*Server).MapHandlers()" file="handlers.go:\x1b"
time="2025-07-04T15:00:12+07:00" level=info msg="Method: POST, Path: /api/refresh\n" func="server.(*Server).MapHandlers()" file="handlers.go:\x1b"
time="2025-07-04T15:00:21+07:00" level=info msg="Генерация Refresh токена" func="usecase.(*authUseCase).CreateTokens()" file="usecase.go:%"
time="2025-07-04T15:00:21+07:00" level=info msg="Генерация хэша Refresh токена" func="usecase.(*authUseCase).CreateTokens()" file="usecase.go:*"
time="2025-07-04T15:00:21+07:00" level=info msg="Генерация Access токена" func="usecase.(*authUseCase).CreateTokens()" file="usecase.go::"
time="2025-07-04T15:00:21+07:00" level=info msg="Создание Refresh токена в БД" func="usecase.(*authUseCase).CreateTokens()" file="usecase.go:E"
time="2025-07-04T15:00:33+07:00" level=info msg="Генерация Refresh токена" func="usecase.(*authUseCase).CreateTokens()" file="usecase.go:%"
time="2025-07-04T15:00:33+07:00" level=info msg="Генерация хэша Refresh токена" func="usecase.(*authUseCase).CreateTokens()" file="usecase.go:*"
time="2025-07-04T15:00:33+07:00" level=info msg="Генерация Access токена" func="usecase.(*authUseCase).CreateTokens()" file="usecase.go::"
time="2025-07-04T15:00:33+07:00" level=info msg="Создание Refresh токена в БД" func="usecase.(*authUseCase).CreateTokens()" file="usecase.go:E"
time="2025-07-04T15:01:13+07:00" level=info msg="Генерация Refresh токена" func="usecase.(*authUseCase).CreateTokens()" file="usecase.go:%"
time="2025-07-04T15:01:13+07:00" level=info msg="Генерация хэша Refresh токена" func="usecase.(*authUseCase).CreateTokens()" file="usecase.go:*"
time="2025-07-04T15:01:13+07:00" level=info msg="Генерация Access токена" func="usecase.(*authUseCase).CreateTokens()" file="usecase.go::"
time="2025-07-04T15:01:13+07:00" level=info msg="Создание Refresh токена в БД" func="usecase.(*authUseCase).CreateTokens()" file="usecase.go:E"
time="2025-07-04T15:01:14+07:00" level=info msg="Генерация Refresh токена" func="usecase.(*authUseCase).CreateTokens()" file="usecase.go:%"
time="2025-07-04T15:01:14+07:00" level=info msg="Генерация хэша Refresh токена" func="usecase.(*authUseCase).CreateTokens()" file="usecase.go:*"
time="2025-07-04T15:01:14+07:00" level=info msg="Генерация Access токена" func="usecase.(*authUseCase).CreateTokens()" file="usecase.go::"
time="2025-07-04T15:01:14+07:00" level=info msg="Создание Refresh токена в БД" func="usecase.(*authUseCase).CreateTokens()" file="usecase.go:E"
time="2025-07-04T15:01:55+07:00" level=info msg="Получение Рефреш токена по Хэшу" func="usecase.(*authUseCase).RefreshToken()" file="usecase.go:`"
time="2025-07-04T15:01:59+07:00" level=info msg="Получение Рефреш токена по Хэшу" func="usecase.(*authUseCase).RefreshToken()" file="usecase.go:`"
time="2025-07-04T15:01:59+07:00" level=info msg="Получение UserID из токена" func="usecase.(*authUseCase).RefreshToken()" file="usecase.go:f"
time="2025-07-04T15:04:15+07:00" level=info msg="Получения пользователя по аксесс токену" func="usecase.(*authUseCase).DeleteRefreshToken()" file="usecase.go:T"
time="2025-07-04T15:10:50+07:00" level=info msg="Method: POST, Path: /api/tokens/:user_id\n" func="server.(*Server).MapHandlers()" file="handlers.go:\x1b"
time="2025-07-04T15:10:50+07:00" level=info msg="Method: POST, Path: /api/refresh\n" func="server.(*Server).MapHandlers()" file="handlers.go:\x1b"
time="2025-07-04T15:10:50+07:00" level=info msg="Method: GET, Path: /api/tokens\n" func="server.(*Server).MapHandlers()" file="handlers.go:\x1b"
time="2025-07-04T15:10:50+07:00" level=info msg="Method: POST, Path: /api/logout\n" func="server.(*Server).MapHandlers()" file="handlers.go:\x1b"
time="2025-07-04T15:11:09+07:00" level=info msg="Генерация Refresh токена" func="usecase.(*authUseCase).CreateTokens()" file="usecase.go:%"
time="2025-07-04T15:11:09+07:00" level=info msg="Генерация хэша Refresh токена" func="usecase.(*authUseCase).CreateTokens()" file="usecase.go:*"
time="2025-07-04T15:11:09+07:00" level=info msg="Генерация Access токена" func="usecase.(*authUseCase).CreateTokens()" file="usecase.go::"
time="2025-07-04T15:11:09+07:00" level=info msg="Создание Refresh токена в БД" func="usecase.(*authUseCase).CreateTokens()" file="usecase.go:E"
time="2025-07-04T15:11:21+07:00" level=info msg="Получения пользователя по аксесс токену" func="usecase.(*authUseCase).DeleteRefreshToken()" file="usecase.go:T"
time="2025-07-04T15:11:21+07:00" level=info msg="Удаление Рефреш токена по UserID" func="usecase.(*authUseCase).DeleteRefreshToken()" file="usecase.go:W"
time="2025-07-04T15:11:40+07:00" level=info msg="Генерация Refresh токена" func="usecase.(*authUseCase).CreateTokens()" file="usecase.go:%"
time="2025-07-04T15:11:40+07:00" level=info msg="Генерация хэша Refresh токена" func="usecase.(*authUseCase).CreateTokens()" file="usecase.go:*"
time="2025-07-04T15:11:40+07:00" level=info msg="Генерация Access токена" func="usecase.(*authUseCase).CreateTokens()" file="usecase.go::"
time="2025-07-04T15:11:40+07:00" level=info msg="Создание Refresh токена в БД" func="usecase.(*authUseCase).CreateTokens()" file="usecase.go:E"
time="2025-07-04T15:12:11+07:00" level=info msg="Получение Рефреш токена по Хэшу" func="usecase.(*authUseCase).RefreshToken()" file="usecase.go:`"
time="2025-07-04T15:12:11+07:00" level=info msg="Получение UserID из токена" func="usecase.(*authUseCase).RefreshToken()" file="usecase.go:f"
time="2025-07-04T15:12:11+07:00" level=info msg="Получение UserID из Refresh токена" func="usecase.(*authUseCase).RefreshToken()" file="usecase.go:i"
time="2025-07-04T15:12:11+07:00" level=info msg="Проверка валидности Refresh токена" func="usecase.(*authUseCase).RefreshToken()" file="usecase.go:n"
time="2025-07-04T15:12:11+07:00" level=info msg="Сравнение user id у токенов" func="usecase.(*authUseCase).RefreshToken()" file="usecase.go:s"
time="2025-07-04T15:12:11+07:00" level=info msg="Удаление старого рефреш токена из БД" func="usecase.(*authUseCase).RefreshToken()" file="usecase.go:x"
time="2025-07-04T15:12:11+07:00" level=info msg="Проверка на совпадения браузера" func="usecase.(*authUseCase).RefreshToken()" file="usecase.go:}"
time="2025-07-04T15:12:11+07:00" level=info msg="Запуск создания новой пары" func="usecase.(*authUseCase).RefreshToken()" file="usecase.go:\u0087"
time="2025-07-04T15:12:11+07:00" level=info msg="Генерация Refresh токена" func="usecase.(*authUseCase).CreateTokens()" file="usecase.go:%"
time="2025-07-04T15:12:11+07:00" level=info msg="Генерация хэша Refresh токена" func="usecase.(*authUseCase).CreateTokens()" file="usecase.go:*"
time="2025-07-04T15:12:11+07:00" level=info msg="Генерация Access токена" func="usecase.(*authUseCase).CreateTokens()" file="usecase.go::"
time="2025-07-04T15:12:11+07:00" level=info msg="Создание Refresh токена в БД" func="usecase.(*authUseCase).CreateTokens()" file="usecase.go:E"
time="2025-07-04T15:13:38+07:00" level=info msg="Получения пользователя по аксесс токену" func="usecase.(*authUseCase).DeleteRefreshToken()" file="usecase.go:T"
time="2025-07-04T15:13:38+07:00" level=info msg="Удаление Рефреш токена по UserID" func="usecase.(*authUseCase).DeleteRefreshToken()" file="usecase.go:W"
time="2025-07-04T15:13:45+07:00" level=info msg="Access токен не валиден или отсутствует" func="middleware.(*MiddlewareManager).AuthJWTMiddleware-fm.(*MiddlewareManager).AuthJWTMiddleware.func1()" file="jwt.go:\x13"
